[22-05-28 08:28:11]: INFO: Log File name: /u01/profiler/pratice_questions/LOGS_PRATICE_QUESTIONS/run_axiomus_conn_3_without_not_280522082811.log
[22-05-28 08:28:11]: INFO: Starting the script
[22-05-28 08:28:11]: INFO: Script Directory: /u01/profiler
[22-05-28 08:28:11]: INFO: Query Directory: /u01/profiler/pratice_questions
[22-05-28 08:28:11]: INFO: Spinning Connection with axiomus@ORCLPDB1
[22-05-28 08:28:11]: ----------------------------------------------------
[22-05-28 08:28:11]:  DATABASE QUERY STARTS 
[22-05-28 08:28:11]: 
---------------------------------------------------
--						 --
---------------------------------------------------

CO CO
-- --
B  A
C  A
D  A
E  A
A  C
B  C
D  C
E  C
A  E
B  E
C  E
D  E
A  G
B  G
C  G
D  G
E  G

17 rows selected.

