[22-05-28 08:02:25]: INFO: Log File name: /u01/profiler/pratice_questions/LOGS_PRATICE_QUESTIONS/run_axiomus_conn_2_avg_sal_greater_than_dept_280522080225.log
[22-05-28 08:02:25]: INFO: Starting the script
[22-05-28 08:02:25]: INFO: Script Directory: /u01/profiler
[22-05-28 08:02:25]: INFO: Query Directory: /u01/profiler/pratice_questions
[22-05-28 08:02:25]: INFO: Spinning Connection with axiomus@ORCLPDB1
[22-05-28 08:02:25]: ----------------------------------------------------
[22-05-28 08:02:25]:  DATABASE QUERY STARTS 
[22-05-28 08:02:25]: 
---------------------------------------------------
--   Department wise AVG salary 		 --
---------------------------------------------------

DEPARTMENT_ID AVG_SALARY
------------- ----------
	   30	    1566
		    1300
	   20	    2175
	   10	    2916


EMPLOYEE_ID EMPLOYEE_N JOB	 MANAGER_ID HIREDATE	  SALARY COMMISSION DEPARTMENT_ID DEPARTMENT_ID AVG_SALARY
----------- ---------- --------- ---------- --------- ---------- ---------- ------------- ------------- ----------
       7499 ALLEN      SALESMAN        7698 20-FEB-81	    1600	300	       30	     30       1566
       7566 JONES      MANAGER	       7839 02-APR-81	    2975		       20	     20       2175
       7698 BLAKE      MANAGER	       7839 01-MAY-81	    2850		       30	     30       1566
       7788 SCOTT      ANALYST	       7566 19-APR-87	    3000		       20	     20       2175
       7839 KING       PRESIDENT	    17-NOV-81	    5000		       10	     10       2916
       7902 FORD       ANALYST	       7566 03-DEC-81	    3000		       20	     20       2175

6 rows selected.

---------------------------------------------------
--    COrrelated Query				 --
---------------------------------------------------

EMPLOYEE_ID EMPLOYEE_N JOB	 MANAGER_ID HIREDATE	  SALARY COMMISSION DEPARTMENT_ID
----------- ---------- --------- ---------- --------- ---------- ---------- -------------
       7499 ALLEN      SALESMAN        7698 20-FEB-81	    1600	300	       30
       7566 JONES      MANAGER	       7839 02-APR-81	    2975		       20
       7698 BLAKE      MANAGER	       7839 01-MAY-81	    2850		       30
       7788 SCOTT      ANALYST	       7566 19-APR-87	    3000		       20
       7839 KING       PRESIDENT	    17-NOV-81	    5000		       10
       7902 FORD       ANALYST	       7566 03-DEC-81	    3000		       20

6 rows selected.

---------------------------------------------------
--	  ANalaytical function			 --
---------------------------------------------------

EMPLOYEE_N EMPLOYEE_N JOB	MANAGER_ID HIREDATE	 SALARY COMMISSION DEPARTMENT_ID AVG(SALARY)OVER(PARTITIONBYDEPARTMENT_ID)
---------- ---------- --------- ---------- --------- ---------- ---------- ------------- -----------------------------------------
CLARK	   CLARK      MANAGER	      7839 09-JUN-81	   2450 		      10				2916.66667
MILLER	   MILLER     CLERK	      7782 23-JAN-82	   1300 		      10				2916.66667
KING	   KING       PRESIDENT 	   17-NOV-81	   5000 		      10				2916.66667
JONES	   JONES      MANAGER	      7839 02-APR-81	   2975 		      20				      2175
SMITH	   SMITH      CLERK	      7902 17-DEC-80	    800 		      20				      2175
SCOTT	   SCOTT      ANALYST	      7566 19-APR-87	   3000 		      20				      2175
FORD	   FORD       ANALYST	      7566 03-DEC-81	   3000 		      20				      2175
ADAMS	   ADAMS      CLERK	      7788 23-MAY-87	   1100 		      20				      2175
WARD	   WARD       SALESMAN	      7698 22-FEB-81	   1250        500	      30				1566.66667
TURNER	   TURNER     SALESMAN	      7698 08-SEP-81	   1500 	 0	      30				1566.66667
ALLEN	   ALLEN      SALESMAN	      7698 20-FEB-81	   1600        300	      30				1566.66667
JAMES	   JAMES      CLERK	      7698 03-DEC-81	    950 		      30				1566.66667
MARTIN	   MARTIN     SALESMAN	      7698 28-SEP-81	   1250       1400	      30				1566.66667
BLAKE	   BLAKE      MANAGER	      7839 01-MAY-81	   2850 		      30				1566.66667
JONES	   JONES      DBA		   02-JAN-82	   1300 							      1300

15 rows selected.

