[22-05-28 08:40:05]: INFO: Log File name: /u01/profiler/pratice_questions/LOGS_PRATICE_QUESTIONS/run_axiomus_conn_3_without_not_280522084005.log
[22-05-28 08:40:06]: INFO: Starting the script
[22-05-28 08:40:06]: INFO: Script Directory: /u01/profiler
[22-05-28 08:40:06]: INFO: Query Directory: /u01/profiler/pratice_questions
[22-05-28 08:40:06]: INFO: Spinning Connection with axiomus@ORCLPDB1
[22-05-28 08:40:06]: ----------------------------------------------------
[22-05-28 08:40:06]:  DATABASE QUERY STARTS 
[22-05-28 08:40:06]: 
---------------------------------------------------
--    Straingh forward solution 		 --
---------------------------------------------------

CO
--
B
D

---------------------------------------------------
--    		with EXISTS keyword		--
---------------------------------------------------

CO
--
B
D

---------------------------------------------------
--	    MINUS Operator			 --
---------------------------------------------------

CO
--
B
D

---------------------------------------------------
--    Correlated Query				 --
---------------------------------------------------

CO
--
B
D

---------------------------------------------------
--    	LEFT Outer join 			--
---------------------------------------------------

CO CO
-- --
B
D

---------------------------------------------------
--    	FULL Outer join 			--
---------------------------------------------------

CO CO
-- --
B
D

