[22-05-28 08:33:48]: INFO: Log File name: /u01/profiler/pratice_questions/LOGS_PRATICE_QUESTIONS/run_axiomus_conn_3_without_not_280522083348.log
[22-05-28 08:33:48]: INFO: Starting the script
[22-05-28 08:33:48]: INFO: Script Directory: /u01/profiler
[22-05-28 08:33:48]: INFO: Query Directory: /u01/profiler/pratice_questions
[22-05-28 08:33:48]: INFO: Spinning Connection with axiomus@ORCLPDB1
[22-05-28 08:33:48]: ----------------------------------------------------
[22-05-28 08:33:48]:  DATABASE QUERY STARTS 
[22-05-28 08:33:48]: 
---------------------------------------------------
--    Straingh forward solution 		 --
---------------------------------------------------

CO
--
B
D


CO
--
B
D


CO
--
B
D

