[22-05-28 07:42:52]: INFO: Log File name: /u01/profiler/pratice_questions/LOGS_PRATICE_QUESTIONS/run_axiomus_conn_1_query_row_280522074252.log
[22-05-28 07:42:52]: INFO: Starting the script
[22-05-28 07:42:52]: INFO: Script Directory: /u01/profiler
[22-05-28 07:42:52]: INFO: Query Directory: /u01/profiler/pratice_questions
[22-05-28 07:42:52]: INFO: Spinning Connection with axiomus@ORCLPDB1
[22-05-28 07:42:52]: ----------------------------------------------------
[22-05-28 07:42:52]:  DATABASE QUERY STARTS 
[22-05-28 07:42:52]: 
---------------------------------------------------
--	    With OR keywords			 --
---------------------------------------------------

      S_NO C C C C C
---------- - - - - -
	 1 A B C D E
	 2   A B C D
	 3 E	   A
	 4   A E   D

---------------------------------------------------
--	 Without OR keywords			 --
---------------------------------------------------

      S_NO C C C C C
---------- - - - - -
	 1 A B C D E
	 2   A B C D
	 4   A E   D
	 3 E	   A

---------------------------------------------------
Enter value for easiest: --  BEST way	 exit; way		       --
---------------------------------------------------

      S_NO C C C C C
---------- - - - - -
	 1 A B C D E
	 2   A B C D
	 3 E	   A
	 4   A E   D

---------------------------------------------------
--	  Concatnate way			 --
---------------------------------------------------

      S_NO C C C C C
---------- - - - - -
	 1 A B C D E
	 2   A B C D
	 3 E	   A
	 4   A E   D

---------------------------------------------------
--	  Concatnate way			 --
---------------------------------------------------

      S_NO C C C C C
---------- - - - - -
	 1 A B C D E
	 2   A B C D
	 3 E	   A
	 4   A E   D

