[22-05-28 08:37:16]: INFO: Log File name: /u01/profiler/pratice_questions/LOGS_PRATICE_QUESTIONS/run_axiomus_conn_3_without_not_280522083716.log
[22-05-28 08:37:16]: INFO: Starting the script
[22-05-28 08:37:16]: INFO: Script Directory: /u01/profiler
[22-05-28 08:37:16]: INFO: Query Directory: /u01/profiler/pratice_questions
[22-05-28 08:37:16]: INFO: Spinning Connection with axiomus@ORCLPDB1
[22-05-28 08:37:17]: ----------------------------------------------------
[22-05-28 08:37:17]:  DATABASE QUERY STARTS 
[22-05-28 08:37:17]: 
---------------------------------------------------
--    Straingh forward solution 		 --
---------------------------------------------------

CO
--
B
D

---------------------------------------------------
--    		with EXISTS keyword		--
---------------------------------------------------

CO
--
B
D

---------------------------------------------------
--	    MINUS Operator			 --
---------------------------------------------------

CO
--
B
D

---------------------------------------------------
--    Correlated Query				 --
---------------------------------------------------

CO
--
B
D

