[22-05-28 08:31:33]: INFO: Log File name: /u01/profiler/pratice_questions/LOGS_PRATICE_QUESTIONS/run_axiomus_conn_3_without_not_280522083133.log
[22-05-28 08:31:33]: INFO: Starting the script
[22-05-28 08:31:33]: INFO: Script Directory: /u01/profiler
[22-05-28 08:31:33]: INFO: Query Directory: /u01/profiler/pratice_questions
[22-05-28 08:31:33]: INFO: Spinning Connection with axiomus@ORCLPDB1
[22-05-28 08:31:33]: ----------------------------------------------------
[22-05-28 08:31:33]:  DATABASE QUERY STARTS 
[22-05-28 08:31:33]: 
---------------------------------------------------
--    Straingh forward solution 		 --
---------------------------------------------------

CO
--
B
D


CO
--
A
C
E

