[22-06-11 09:52:47]: INFO: Log File name: /u01/playground/package_code/LOGS_PACKAGE_CODE/run_axiomus_conn_time_utility.pkg_110622095247.log
[22-06-11 09:52:47]: INFO: Starting the script
[22-06-11 09:52:47]: INFO: Script Directory: /u01/playground
[22-06-11 09:52:47]: INFO: Query Directory: /u01/playground/package_code
[22-06-11 09:52:47]: INFO: Spinning Connection with axiomus@ORCLPDB1
[22-06-11 09:52:48]: ----------------------------------------------------
[22-06-11 09:52:48]:  DATABASE QUERY STARTS 
[22-06-11 09:52:48]: 

Session altered.

---------------------------------------------------
--	     Time Utility Package		 --
---------------------------------------------------

Package created.

No errors.

Package body created.

No errors.
---------------------------------------------------
--	     Unit testing code 			--
---------------------------------------------------
	DBMS_OUTPUT.put_line(count_in);
	*
ERROR at line 5:
ORA-06550: line 5, column 2:
PLS-00103: Encountered the symbol "DBMS_OUTPUT" when expecting one of the following:
. ( * % & = - + ; < / > at in is mod remainder not rem
<an exponent (**)> <> or != or ~= >= <= <> and or like like2
like4 likec between || multiset member submultiset
The symbol "." was substituted for "DBMS_OUTPUT" to continue.


[22-06-11 09:52:48]: SQLERROR: Query error 150 in time_utility.pkg
