[22-06-11 09:49:45]: INFO: Log File name: /u01/playground/package_code/LOGS_PACKAGE_CODE/run_axiomus_conn_time_utility.pkg_110622094945.log
[22-06-11 09:49:45]: INFO: Starting the script
[22-06-11 09:49:45]: INFO: Script Directory: /u01/playground
[22-06-11 09:49:45]: INFO: Query Directory: /u01/playground/package_code
[22-06-11 09:49:45]: INFO: Spinning Connection with axiomus@ORCLPDB1
[22-06-11 09:49:45]: ----------------------------------------------------
[22-06-11 09:49:45]:  DATABASE QUERY STARTS 
[22-06-11 09:49:45]: 

Session altered.

---------------------------------------------------
--	     Time Utility Package		 --
---------------------------------------------------

SP2-0808: Package created with compilation warnings

Errors for PACKAGE TIMEUTILITY:

LINE/COL ERROR
-------- -----------------------------------------------------------------
1/1	 PLW-05018: unit TIMEUTILITY omitted optional AUTHID clause;
	 default value DEFINER used


Package body created.

No errors.
---------------------------------------------------
--	     Time Utility Package		 --
---------------------------------------------------
