[22-06-07 02:45:44]: INFO: Log File name: /u01/advancePlsql/geek4geeks/LOGS_GEEK4GEEKS/run_axiomus_conn_math.pkg_070622024544.log
[22-06-07 02:45:44]: INFO: Starting the script
[22-06-07 02:45:44]: INFO: Script Directory: /u01/advancePlsql
[22-06-07 02:45:44]: INFO: Query Directory: /u01/advancePlsql/geek4geeks
[22-06-07 02:45:44]: INFO: Spinning Connection with axiomus@ORCLPDB1
[22-06-07 02:45:44]: ----------------------------------------------------
[22-06-07 02:45:44]:  DATABASE QUERY STARTS 
[22-06-07 02:45:44]: 
---------------------------------------------------
--     Geeks4Geeks - Math package		--
---------------------------------------------------

Package created.

No errors.

Warning: Package Body created with compilation errors.

Errors for PACKAGE BODY MATH:

LINE/COL ERROR
-------- -----------------------------------------------------------------
1/19	 PLS-00103: Encountered the symbol "AUTHID" when expecting one of
	 the following:
	 is as compress compiled wrapped

