[22-06-07 03:09:05]: INFO: Log File name: /u01/advancePlsql/geek4geeks/LOGS_GEEK4GEEKS/run_axiomus_conn_math.pkg_070622030905.log
[22-06-07 03:09:05]: INFO: Starting the script
[22-06-07 03:09:05]: INFO: Script Directory: /u01/advancePlsql
[22-06-07 03:09:05]: INFO: Query Directory: /u01/advancePlsql/geek4geeks
[22-06-07 03:09:05]: INFO: Spinning Connection with axiomus@ORCLPDB1
[22-06-07 03:09:05]: ----------------------------------------------------
[22-06-07 03:09:05]:  DATABASE QUERY STARTS 
[22-06-07 03:09:05]: 
---------------------------------------------------
--     Geeks4Geeks - Math package		--
---------------------------------------------------

Package created.

No errors.

Package body created.

No errors.
Sum of two numbers : 12
Centered Traingular number : 166
BEGIN
*
ERROR at line 1:
ORA-06503: PL/SQL: Function returned without value
ORA-06512: at "AXIOMUS.MATH", line 25
ORA-06512: at line 4


[22-06-07 03:09:06]: SQLERROR: Query error 103 in math.pkg
