[22-06-07 02:35:03]: INFO: Log File name: /u01/advancePlsql/geek4geeks/LOGS_GEEK4GEEKS/run_axiomus_conn_math.pkg_070622023503.log
[22-06-07 02:35:03]: INFO: Starting the script
[22-06-07 02:35:03]: INFO: Script Directory: /u01/advancePlsql
[22-06-07 02:35:03]: INFO: Query Directory: /u01/advancePlsql/geek4geeks
[22-06-07 02:35:03]: INFO: Spinning Connection with axiomus@ORCLPDB1
[22-06-07 02:35:03]: ----------------------------------------------------
[22-06-07 02:35:03]:  DATABASE QUERY STARTS 
[22-06-07 02:35:03]: 
---------------------------------------------------
--     Geeks4Geeks - Math package		--
---------------------------------------------------

Package created.

No errors.

Warning: Package Body created with compilation errors.

Errors for PACKAGE BODY MATH:

LINE/COL ERROR
-------- -----------------------------------------------------------------
4/8	 PLS-00103: Encountered the symbol "=" when expecting one of the
	 following:
	 constant exception <an identifier>
	 <a double-quoted delimited-identifier> table columns long
	 double ref char time timestamp interval date binary national
	 character nchar
	 The symbol "<an identifier>" was substituted for "=" to continue.


5/14	 PLS-00103: Encountered the symbol "." when expecting one of the
	 following:
	 constant exception <an identifier>
	 <a double-quoted delimited-identifier> table columns long
	 double ref char time timestamp interval date binary national
	 character nchar
	 The symbol "<an identifier>" was substituted for "." to continue.


6/2	 PLS-00103: Encountered the symbol "END" when expecting one of the
	 following:
	 begin function pragma procedure subtype type <an identifier>
	 <a double-quoted delimited-identifier> current cursor delete
	 exists prior
	 The symbol "begin was inserted before "END" to continue.

7/9	 PLS-00103: Encountered the symbol "end-of-file" when expecting
	 one of the following:
	 begin end function pragma procedure

DECLARE
*
ERROR at line 1:
ORA-04063: package body "AXIOMUS.MATH" has errors
ORA-06508: PL/SQL: could not find program unit being called: "AXIOMUS.MATH"
ORA-06512: at line 5


[22-06-07 02:35:07]: SQLERROR: Query error 223 in math.pkg
