[22-06-07 02:42:27]: INFO: Log File name: /u01/advancePlsql/geek4geeks/LOGS_GEEK4GEEKS/run_axiomus_conn_math.pkg_070622024227.log
[22-06-07 02:42:28]: INFO: Starting the script
[22-06-07 02:42:28]: INFO: Script Directory: /u01/advancePlsql
[22-06-07 02:42:28]: INFO: Query Directory: /u01/advancePlsql/geek4geeks
[22-06-07 02:42:28]: INFO: Spinning Connection with axiomus@ORCLPDB1
[22-06-07 02:42:28]: ----------------------------------------------------
[22-06-07 02:42:28]:  DATABASE QUERY STARTS 
[22-06-07 02:42:28]: 
---------------------------------------------------
--     Geeks4Geeks - Math package		--
---------------------------------------------------

Package created.

No errors.

Warning: Package Body created with compilation errors.

Errors for PACKAGE BODY MATH:

LINE/COL ERROR
-------- -----------------------------------------------------------------
5/15	 PLS-00103: Encountered the symbol "+" when expecting one of the
	 following:
	 := . ( @ % ; not null range default character

