[22-06-07 02:55:33]: INFO: Log File name: /u01/advancePlsql/geek4geeks/LOGS_GEEK4GEEKS/run_axiomus_conn_citi.pkg_070622025533.log
[22-06-07 02:55:33]: INFO: Starting the script
[22-06-07 02:55:33]: INFO: Script Directory: /u01/advancePlsql
[22-06-07 02:55:33]: INFO: Query Directory: /u01/advancePlsql/geek4geeks
[22-06-07 02:55:33]: INFO: Spinning Connection with axiomus@ORCLPDB1
[22-06-07 02:55:33]: ----------------------------------------------------
[22-06-07 02:55:33]:  DATABASE QUERY STARTS 
[22-06-07 02:55:33]: 
---------------------------------------------------
--     		TESTING Package			--
---------------------------------------------------

Package created.

No errors.

Warning: Package Body created with compilation errors.

Errors for PACKAGE BODY CITI:

LINE/COL ERROR
-------- -----------------------------------------------------------------
4/10	 PLS-00103: Encountered the symbol "this is Codelocked!" when
	 expecting one of the following:
	 constant exception <an identifier>
	 <a double-quoted delimited-identifier> table columns long
	 double ref char time timestamp interval date binary national
	 character nchar

BEGIN
*
ERROR at line 1:
ORA-04063: package body "AXIOMUS.CITI" has errors
ORA-06508: PL/SQL: could not find program unit being called: "AXIOMUS.CITI"
ORA-06512: at line 2


[22-06-07 02:55:34]: SQLERROR: Query error 223 in citi.pkg
