[22-06-15 10:26:24]: INFO: Log File name: /u01/playground/automation/LOGS_AUTOMATION/run_axiomus_conn_connectDB_150622102624.log
[22-06-15 10:26:24]: INFO: Starting the script
[22-06-15 10:26:24]: INFO: Script Directory: /u01/playground
[22-06-15 10:26:24]: INFO: Query Directory: /u01/playground/automation
[22-06-15 10:26:24]: INFO: Spinning Connection with axiomus@ORCLPDB1
[22-06-15 10:26:24]: ----------------------------------------------------
[22-06-15 10:26:24]:  DATABASE QUERY STARTS 
[22-06-15 10:26:24]: 

Session altered.

Elapsed: 00:00:00.01
---------------------------------------------------
--     	Connect DB and grant roles		--
---------------------------------------------------

GRANT SELECT ON SQL_TEST TO NEW_USER;
GRANT SELECT ON PEOPLE TO NEW_USER;
GRANT SELECT ON DEPARTMENTS TO NEW_USER;
GRANT SELECT ON TEST_UPDATE TO NEW_USER;
GRANT SELECT ON UPDATE_MAS TO NEW_USER;
GRANT SELECT ON PLSQL_PROFILER_RUNS TO NEW_USER;
GRANT SELECT ON PLSQL_PROFILER_UNITS TO NEW_USER;
GRANT SELECT ON PLSQL_PROFILER_DATA TO NEW_USER;
GRANT SELECT ON TAB2 TO NEW_USER;
GRANT SELECT ON EMPLOYEE_BACKUP TO NEW_USER;
GRANT SELECT ON TAB3 TO NEW_USER;
GRANT SELECT ON TAB1 TO NEW_USER;
GRANT SELECT ON ANIMALS TO NEW_USER;
GRANT SELECT ON STOCKS TO NEW_USER;
GRANT SELECT ON TICKERS TO NEW_USER;
GRANT SELECT ON MORE_STOCKS TO NEW_USER;
GRANT SELECT ON T_ID_COL TO NEW_USER;
GRANT SELECT ON MY_OBJECTS TO NEW_USER;
GRANT SELECT ON LOCAL_OBJECTS TO NEW_USER;
GRANT SELECT ON BIGTAB TO NEW_USER;
GRANT SELECT ON ACCOUNTS TO NEW_USER;
GRANT SELECT ON SETUP_TAB_COMPARE_CONFIG TO NEW_USER;
GRANT SELECT ON EMPLOYEES_MVIEW TO NEW_USER;
GRANT SELECT ON GTT1 TO NEW_USER;
GRANT SELECT ON DEMO_READ_ONLY TO NEW_USER;
GRANT SELECT ON GTT2 TO NEW_USER;
GRANT SELECT ON TAB_SEQ_TEST TO NEW_USER;
GRANT SELECT ON ADMINS TO NEW_USER;
GRANT SELECT ON EMPLOYEES TO NEW_USER;
GRANT SELECT ON EMPLOYEES_BK TO NEW_USER;
GRANT SELECT ON BOOKS TO NEW_USER;
GRANT SELECT ON FAMILY TO NEW_USER;
GRANT SELECT ON LIBRARYBOOKS TO NEW_USER;
GRANT SELECT ON PATRONS TO NEW_USER;
GRANT SELECT ON TRANSACTIONS TO NEW_USER;
GRANT SELECT ON EMPLOYEES_TAB TO NEW_USER;
GRANT SELECT ON PERSONALITY_INVENTORY TO NEW_USER;
GRANT SELECT ON FAVORITE_COLORS_ST TO NEW_USER;
GRANT SELECT ON BIRDS TO NEW_USER;
GRANT SELECT ON COLORS_TAB TO NEW_USER;
GRANT SELECT ON BIRD_HABITATS TO NEW_USER;
GRANT SELECT ON FAVORITE_AUTHORS TO NEW_USER;
GRANT SELECT ON XDUAL TO NEW_USER;
GRANT SELECT ON LOGTAB TO NEW_USER;
