[22-06-01 06:27:48]: INFO: Log File name: /u01/profiler/advancePLSQL/LOGS_ADVANCEPLSQL/run_axiomus_conn_4_cur_as_argument_010622062748.log
[22-06-01 06:27:48]: INFO: Starting the script
[22-06-01 06:27:48]: INFO: Script Directory: /u01/profiler
[22-06-01 06:27:48]: INFO: Query Directory: /u01/profiler/advancePLSQL
[22-06-01 06:27:48]: INFO: Spinning Connection with axiomus@ORCLPDB1
[22-06-01 06:27:48]: ----------------------------------------------------
[22-06-01 06:27:48]:  DATABASE QUERY STARTS 
[22-06-01 06:27:48]: 
---------------------------------------------------
--     Cursor variables as arguments		--
---------------------------------------------------

Procedure created.

No errors.

PL/SQL procedure successfully completed.


EMPLOYEE_ID JOB       GRAPH
----------- --------- --------------------------------------------------
       7900 CLERK     ........*
       7698 MANAGER   ...........................*
       7844 SALESMAN  ..............*
       7521 SALESMAN  ...........*
       7499 SALESMAN  ...............*
       7654 SALESMAN  ...........*

6 rows selected.

