[22-05-16 07:54:19]: INFO: Log File name: /u01/docker/LOGS/run_axiomus_conn_1.1.interview_questions_160522075419.log
[22-05-16 07:54:19]: INFO: Starting the script
[22-05-16 07:54:19]: INFO: Script Directory: /u01/docker
[22-05-16 07:54:19]: INFO: Query Directory: /u01/docker/sql-plsql
[22-05-16 07:54:19]: INFO: Spinning Connection with axiomus@ORCLPDB1
[22-05-16 07:54:19]: ----------------------------------------------------
[22-05-16 07:54:19]:  DATABASE QUERY STARTS 
[22-05-16 07:54:19]: 
----------- FIND SALARY IN DESCENDING ORDER ---------------

    SALARY
----------
      5000
      3000
      3000
      2975
      2850
      2450
      1600
      1500
      1300
      1300
      1250
      1250
      1100
       950
       800

15 rows selected.

-------------------------------------------------------------
FIND MAX SALRAY
-------------------------------------------------------------

MAX(SALARY)
-----------
       5000

-------------------------------------------------------------
SECOND MAX SALARY
-------------------------------------------------------------

MAX(SALARY)
-----------
       3000

-------------------------------------------------------------
FIND THE 3rd MAX SALARY
-------------------------------------------------------------

    SALARY	 RANK
---------- ----------
      3000	    3

-------------------------------------------------------------
Issue with above code it work correct with Unique rows
-------------------------------------------------------------
DENSE_RANK function
-------------------------------------------------------------

    SALARY DENSE_RANK()OVER(ORDERBYSALARYDESC)
---------- -----------------------------------
      5000				     1
      3000				     2
      3000				     2
      2975				     3
      2850				     4
      2450				     5
      1600				     6
      1500				     7
      1300				     8
      1300				     8
      1250				     9
      1250				     9
      1100				    10
       950				    11
       800				    12

15 rows selected.

-------------------------------------------------------------
3rd MIN SALARY
-------------------------------------------------------------

    SALARY	 RANK
---------- ----------
      1100	    3

-------------------------------------------------------------
FIND OUT MAX SALARY FROM each Departments
-------------------------------------------------------------

    SALARY DEPARTMENT_ID       RANK
---------- ------------- ----------
      5000	      10	  1
      3000	      20	  1
      3000	      20	  1
      2850	      30	  1
      1300			  1

