[22-05-28 00:09:09]: INFO: Log File name: /u01/profiler/LOGS_ORACLE_COLLECTIONS/run_axiomus_conn_5_percentage_rowtyoe_280522000909.log
[22-05-28 00:09:09]: INFO: Starting the script
[22-05-28 00:09:09]: INFO: Script Directory: /u01/profiler
[22-05-28 00:09:09]: INFO: Query Directory: /u01/profiler/oracle_collections
[22-05-28 00:09:09]: INFO: Spinning Connection with axiomus@ORCLPDB1
[22-05-28 00:09:09]: ----------------------------------------------------
[22-05-28 00:09:09]:  DATABASE QUERY STARTS 
[22-05-28 00:09:09]: 

EMPLOYEE_ID EMPLOYEE_N JOB	 MANAGER_ID HIREDATE	  SALARY COMMISSION DEPARTMENT_ID
----------- ---------- --------- ---------- --------- ---------- ---------- -------------
       7369 SMITH      CLERK	       7902 17-DEC-80	     800		       20
       7499 ALLEN      SALESMAN        7698 20-FEB-81	    1600	300	       30
       7521 WARD       SALESMAN        7698 22-FEB-81	    1250	500	       30
       7566 JONES      MANAGER	       7839 02-APR-81	    2975		       20
       7654 MARTIN     SALESMAN        7698 28-SEP-81	    1250       1400	       30
       7698 BLAKE      MANAGER	       7839 01-MAY-81	    2850		       30
       7782 CLARK      MANAGER	       7839 09-JUN-81	    2450		       10
       7788 SCOTT      ANALYST	       7566 19-APR-87	    3000		       20
       7839 KING       PRESIDENT	    17-NOV-81	    5000		       10
       7844 TURNER     SALESMAN        7698 08-SEP-81	    1500	  0	       30
       7876 ADAMS      CLERK	       7788 23-MAY-87	    1100		       20
       7900 JAMES      CLERK	       7698 03-DEC-81	     950		       30
       7902 FORD       ANALYST	       7566 03-DEC-81	    3000		       20
       7934 MILLER     CLERK	       7782 23-JAN-82	    1300		       10
       8888 JONES      DBA		    02-JAN-82	    1300

15 rows selected.

-----------------------------------------------------
-- 		%ROWTYPE Attribute		  --
-----------------------------------------------------
It let you declare a record that represent a row in a table or view
the record has a field with the smae name and data type.
Employee name = SCOTT
Employee Salary = 3000

PL/SQL procedure successfully completed.

---------------------------------------------------
using record variabel in insert statement
---------------------------------------------------

Table created.


PL/SQL procedure successfully completed.


EMPLOYEE_ID EMPLOYEE_N JOB	 MANAGER_ID HIREDATE	  SALARY COMMISSION DEPARTMENT_ID
----------- ---------- --------- ---------- --------- ---------- ---------- -------------
       7788 SCOTT      ANALYST	       7566 19-APR-87	    4000		       50

---------------------------------------------------
rowtype variable of cursor
---------------------------------------------------
Empolyee id = 7369
Empolyee id = SMITH
Empolyee id = 800

PL/SQL procedure successfully completed.

