[22-05-28 06:20:26]: INFO: Log File name: /u01/profiler/oracle_collections/LOGS_ORACLE_COLLECTIONS/run_axiomus_conn_11_associative_array_280522062026.log
[22-05-28 06:20:26]: INFO: Starting the script
[22-05-28 06:20:26]: INFO: Script Directory: /u01/profiler
[22-05-28 06:20:26]: INFO: Query Directory: /u01/profiler/oracle_collections
[22-05-28 06:20:26]: INFO: Spinning Connection with axiomus@ORCLPDB1
[22-05-28 06:20:26]: ----------------------------------------------------
[22-05-28 06:20:26]:  DATABASE QUERY STARTS 
[22-05-28 06:20:26]: 
---------------------------------------------------
--	ASSOCIATIVE ARRAY 			--
---------------------------------------------------
-------------------------+-----------------------------+------------------------
"	 VARRAY 		|	NESTED TABLES	      |   ASSOCIATIVE ARRAY   "
-------------------------+-----------------------------+------------------------
" Upper bound is fixed	 | No maximum upper bound      | Index is not sequencial"
"			| extend and store as per need|member, its a user-defined"
"			| during runtime  	      | value			"
-------------------------+-----------------------------+------------------------
" Index is predifned &	 | Index is predifned & 	      |Index and value part are"
" maintian by oracle	| maintian by oracle	      | user-defined		"
-------------------------+-----------------------------+------------------------
formerly known as PLSQL table or INdeX-by table is a set of Key-value pair.
Similar to hash table
Define, Declare, Initlize, Assign, Access
v_color_code(WHITE) : 000,000,000
v_color_code(RED) : 111,110,110
v_color_code(BLUE) : 111,111,000
LIMIT, TRIM, EXTEND  are NOT availbel for Associativ array
Asscociate does not preseve sorted order, it order with keys
v_color_code.FIRST : BLACK
v_color_code.LAST : WHITE
v_color_code.COUNT : 5
v_color_code.PRIOR(RED) : GREEN
v_color_code.NEXT(RED) : WHITE
RED exists.......
v_color_code.COUNT : 5
v_color_code.COUNT : 4
v_color_code.COUNT : 0
------- YELLOW not exists----------

PL/SQL procedure successfully completed.

