[22-05-28 03:41:06]: INFO: Log File name: /u01/profiler/oracle_collections/LOGS_ORACLE_COLLECTIONS/run_axiomus_conn_7_varray_280522034106.log
[22-05-28 03:41:06]: INFO: Starting the script
[22-05-28 03:41:06]: INFO: Script Directory: /u01/profiler
[22-05-28 03:41:06]: INFO: Query Directory: /u01/profiler/oracle_collections
[22-05-28 03:41:06]: INFO: Spinning Connection with axiomus@ORCLPDB1
[22-05-28 03:41:06]: ----------------------------------------------------
[22-05-28 03:41:06]:  DATABASE QUERY STARTS 
[22-05-28 03:41:06]: 
-----------------------------------
-- VARRAYs (varaible size array) --
-----------------------------------
Array are use to store the elements of same datatypes
Variable size array from Zero to declare maximum size
We can access elements with the variable_name(index).
--- User-define datatype he we need to follow below steps (extact order) ---
Define
Declare
Initialize
Assign
Access
v_array (1) = MON
v_array (2) = TUE
v_array (3) = WED
v_array (4) = THR
v_array (5) = FRI
v_array (6) = SAT
v_array (7) = SUN

PL/SQL procedure successfully completed.

----------------------------------------------------------------
Whenever you are working with collection you come across
EXCEPTIONS:
> Reference to uninitilized collections
> Subscript beyond count
> Subscript outside of limit
----------------------------------------------------------------
--- Subscript beyond count ----
DECLARE
TYPE v_Array_type IS VARRAY(7) OF VARCHAR2(30)
v_array v_Array_type := v_Array_type(null);   --- didnot initilized the second
BEGIN
v_array(1) := 'MONDAY'
v_array(2) := 'TUESDAY'
dbms_output.put_line(v_array(1))
END
------------------------------------------------
Initlization at declaration part
------------------------------------------------
MONDAY
TUESDAY

PL/SQL procedure successfully completed.

---------------------------------------------------
Dynamic initilization at runtime with EXTEND method
---------------------------------------------------
MONDAY
TUESDAY

PL/SQL procedure successfully completed.

--- Reference to uninitilized collections ---
DECLARE
TYPE v_Array_type IS VARRAY(7) OF VARCHAR2(30)
v_array v_Array_type
BEGIN
v_array(1) := 'MONDAY'
v_array(2) := 'TUESDAY'
dbms_output.put_line(v_array(1))
END
--- Subscript outside of limit ---
DECLARE
TYPE v_Array_type IS VARRAY(7) OF VARCHAR2(30)
v_array v_Array_type
BEGIN
v_array.EXTEND(8);   --- Extend more than the allocaated memeory which is 7
v_array(1) := 'MONDAY'
v_array(2) := 'TUESDAY'
dbms_output.put_line(v_array(1))
END
