[22-05-16 04:48:29]: INFO: Log File name: /u01/docker/LOGS/run_axiomus_conn_sql_5_inner_join_160522044829.log
[22-05-16 04:48:29]: INFO: Starting the script
[22-05-16 04:48:29]: INFO: Script Directory: /u01/docker
[22-05-16 04:48:29]: INFO: Query Directory: /u01/docker/oracle-base
[22-05-16 04:48:29]: INFO: Spinning Connection with axiomus@ORCLPDB1
[22-05-16 04:48:29]: ----------------------------------------------------
[22-05-16 04:48:29]:  DATABASE QUERY STARTS 
[22-05-16 04:48:29]: 
--- INNER JOIN ----------
--- Combines data from two tables where there is match on joining column in both tables
--- ASCI INNER JOIN ---

DEPARTMENT_NAM EMPLOYEE_N
-------------- ----------
SALES	       ALLEN
SALES	       WARD
SALES	       JAMES
SALES	       BLAKE
SALES	       TURNER
SALES	       MARTIN

6 rows selected.

---- NON ASCI equivalent ----

DEPARTMENT_NAM EMPLOYEE_N
-------------- ----------
SALES	       ALLEN
SALES	       WARD
SALES	       JAMES
SALES	       BLAKE
SALES	       TURNER
SALES	       MARTIN

6 rows selected.

