[22-05-16 03:31:29]: INFO: Log File name: /u01/docker/LOGS/run_axiomus_conn_sql_1_select_list_160522033129.log
[22-05-16 03:31:29]: INFO: Starting the script
[22-05-16 03:31:29]: INFO: Script Directory: /u01/docker
[22-05-16 03:31:29]: INFO: Query Directory: /u01/docker/oracle-base
[22-05-16 03:31:29]: INFO: Spinning Connection with axiomus@ORCLPDB1
[22-05-16 03:31:29]: ----------------------------------------------------
[22-05-16 03:31:29]:  DATABASE QUERY STARTS 
[22-05-16 03:31:29]: 
---- Function ---------

TEXT
-----------
LOWER TEXT

-- EXPRESSION -----

  ADDITION
----------
	 3

----- SCAlers subqueries -------

DEPARTMENT_ID DEPARTMENT_NAM  EMP_COUNT
------------- -------------- ----------
	   10 ACCOUNTING	      3
	   20 RESEARCH		      5
	   30 SALES		      6
	   40 OPERATIONS	      0

------	join --------

DEPARTMENT_ID DEPARTMENT_NAM  EMP_COUNT
------------- -------------- ----------
	   10 ACCOUNTING	      3
	   20 RESEARCH		      5
	   30 SALES		      6
	   40 OPERATIONS	      0

