[22-06-02 16:00:56]: INFO: Log File name: /u01/advancePlsql/googleSearch/ADMIN_LOGS/admin_conn_setup_020622160056.log
[22-06-02 16:00:56]: INFO: Starting the script
[22-06-02 16:00:56]: INFO: Script Directory: /u01/advancePlsql
[22-06-02 16:00:56]: INFO: Query Directory: /u01/advancePlsql/googleSearch
[22-06-02 16:00:56]: INFO: Spinning Connection with axiomus@ORCLPDB1
[22-06-02 16:00:56]: ----------------------------------------------------
[22-06-02 16:00:56]:  DATABASE QUERY STARTS 
[22-06-02 16:00:56]: 
---------------------------------------------------
--    	Building a Google-search 		--
---------------------------------------------------

Session altered.


CON_NAME
------------------------------
ORCLPDB1
CREATE TABLE AXIOMUS.bigtab as
*
ERROR at line 1:
ORA-01536: space quota exceeded for tablespace 'USERS'


FROM AXIOMUS.bigtab
             *
ERROR at line 2:
ORA-00942: table or view does not exist


