[22-06-02 17:15:33]: INFO: Log File name: /u01/advancePlsql/googleSearch/ADMIN_LOGS/admin_conn_6_grant_on_demo_profile_020622171533.log
[22-06-02 17:15:33]: INFO: Starting the script
[22-06-02 17:15:33]: INFO: Script Directory: /u01/advancePlsql
[22-06-02 17:15:33]: INFO: Query Directory: /u01/advancePlsql/googleSearch
[22-06-02 17:15:33]: INFO: Spinning Connection with axiomus@ORCLPDB1
[22-06-02 17:15:33]: ----------------------------------------------------
[22-06-02 17:15:33]:  DATABASE QUERY STARTS 
[22-06-02 17:15:33]: 
---------------------------------------------------
--   GRANT all on DEMO_PROFILE		  --
---------------------------------------------------

PRIVILEGE
----------------------------------------
ALTER SYSTEM
AUDIT SYSTEM
CREATE SESSION
ALTER SESSION
RESTRICTED SESSION
CREATE TABLESPACE
ALTER TABLESPACE
MANAGE TABLESPACE
DROP TABLESPACE
UNLIMITED TABLESPACE
CREATE USER
BECOME USER
ALTER USER
DROP USER
CREATE ROLLBACK SEGMENT
ALTER ROLLBACK SEGMENT
DROP ROLLBACK SEGMENT
CREATE TABLE
CREATE ANY TABLE
ALTER ANY TABLE
BACKUP ANY TABLE
DROP ANY TABLE
LOCK ANY TABLE
COMMENT ANY TABLE
SELECT ANY TABLE
INSERT ANY TABLE
UPDATE ANY TABLE
DELETE ANY TABLE
REDEFINE ANY TABLE
CREATE CLUSTER
CREATE ANY CLUSTER
ALTER ANY CLUSTER
DROP ANY CLUSTER
CREATE ANY INDEX
ALTER ANY INDEX
DROP ANY INDEX
CREATE SYNONYM
CREATE ANY SYNONYM
DROP ANY SYNONYM
SYSDBA
SYSOPER
CREATE PUBLIC SYNONYM
DROP PUBLIC SYNONYM
CREATE VIEW
CREATE ANY VIEW
DROP ANY VIEW
CREATE SEQUENCE
CREATE ANY SEQUENCE
ALTER ANY SEQUENCE
DROP ANY SEQUENCE
SELECT ANY SEQUENCE
CREATE DATABASE LINK
CREATE PUBLIC DATABASE LINK
DROP PUBLIC DATABASE LINK
CREATE ROLE
DROP ANY ROLE
GRANT ANY ROLE
ALTER ANY ROLE
AUDIT ANY
ALTER DATABASE
FORCE TRANSACTION
FORCE ANY TRANSACTION
CREATE PROCEDURE
CREATE ANY PROCEDURE
ALTER ANY PROCEDURE
DROP ANY PROCEDURE
EXECUTE ANY PROCEDURE
CREATE TRIGGER
CREATE ANY TRIGGER
ALTER ANY TRIGGER
DROP ANY TRIGGER
CREATE PROFILE
ALTER PROFILE
DROP PROFILE
ALTER RESOURCE COST
ANALYZE ANY
GRANT ANY PRIVILEGE
CREATE MATERIALIZED VIEW
CREATE ANY MATERIALIZED VIEW
ALTER ANY MATERIALIZED VIEW
DROP ANY MATERIALIZED VIEW
CREATE ANY DIRECTORY
DROP ANY DIRECTORY
CREATE TYPE
CREATE ANY TYPE
ALTER ANY TYPE
DROP ANY TYPE
EXECUTE ANY TYPE
UNDER ANY TYPE
CREATE LIBRARY
CREATE ANY LIBRARY
ALTER ANY LIBRARY
DROP ANY LIBRARY
EXECUTE ANY LIBRARY
CREATE OPERATOR
CREATE ANY OPERATOR
ALTER ANY OPERATOR
DROP ANY OPERATOR
EXECUTE ANY OPERATOR
CREATE INDEXTYPE
CREATE ANY INDEXTYPE
ALTER ANY INDEXTYPE
DROP ANY INDEXTYPE
UNDER ANY VIEW
QUERY REWRITE
GLOBAL QUERY REWRITE
EXECUTE ANY INDEXTYPE
UNDER ANY TABLE
CREATE DIMENSION
CREATE ANY DIMENSION
ALTER ANY DIMENSION
DROP ANY DIMENSION
MANAGE ANY QUEUE
ENQUEUE ANY QUEUE
DEQUEUE ANY QUEUE
CREATE ANY CONTEXT
DROP ANY CONTEXT
CREATE ANY OUTLINE
ALTER ANY OUTLINE
DROP ANY OUTLINE
ADMINISTER RESOURCE MANAGER
ADMINISTER DATABASE TRIGGER
MERGE ANY VIEW
ON COMMIT REFRESH
EXEMPT ACCESS POLICY
RESUMABLE
SELECT ANY DICTIONARY
DEBUG CONNECT SESSION
DEBUG CONNECT ANY
DEBUG ANY PROCEDURE
FLASHBACK ANY TABLE
GRANT ANY OBJECT PRIVILEGE
CREATE EVALUATION CONTEXT
CREATE ANY EVALUATION CONTEXT
ALTER ANY EVALUATION CONTEXT
DROP ANY EVALUATION CONTEXT
EXECUTE ANY EVALUATION CONTEXT
CREATE RULE SET
CREATE ANY RULE SET
ALTER ANY RULE SET
DROP ANY RULE SET
EXECUTE ANY RULE SET
EXPORT FULL DATABASE
IMPORT FULL DATABASE
CREATE RULE
CREATE ANY RULE
ALTER ANY RULE
DROP ANY RULE
EXECUTE ANY RULE
ANALYZE ANY DICTIONARY
ADVISOR
CREATE JOB
CREATE ANY JOB
EXECUTE ANY PROGRAM
EXECUTE ANY CLASS
MANAGE SCHEDULER
SELECT ANY TRANSACTION
DROP ANY SQL PROFILE
ALTER ANY SQL PROFILE
ADMINISTER SQL TUNING SET
ADMINISTER ANY SQL TUNING SET
CREATE ANY SQL PROFILE
EXEMPT IDENTITY POLICY
MANAGE FILE GROUP
MANAGE ANY FILE GROUP
READ ANY FILE GROUP
CHANGE NOTIFICATION
CREATE EXTERNAL JOB
CREATE ANY EDITION
DROP ANY EDITION
ALTER ANY EDITION
CREATE ASSEMBLY
CREATE ANY ASSEMBLY
ALTER ANY ASSEMBLY
DROP ANY ASSEMBLY
EXECUTE ANY ASSEMBLY
EXECUTE ASSEMBLY
CREATE MINING MODEL
CREATE ANY MINING MODEL
DROP ANY MINING MODEL
SELECT ANY MINING MODEL
ALTER ANY MINING MODEL
COMMENT ANY MINING MODEL
CREATE CUBE DIMENSION
ALTER ANY CUBE DIMENSION
CREATE ANY CUBE DIMENSION
DELETE ANY CUBE DIMENSION
DROP ANY CUBE DIMENSION
INSERT ANY CUBE DIMENSION
SELECT ANY CUBE DIMENSION
CREATE CUBE
ALTER ANY CUBE
CREATE ANY CUBE
DROP ANY CUBE
SELECT ANY CUBE
UPDATE ANY CUBE
CREATE MEASURE FOLDER
CREATE ANY MEASURE FOLDER
DELETE ANY MEASURE FOLDER
DROP ANY MEASURE FOLDER
INSERT ANY MEASURE FOLDER
CREATE CUBE BUILD PROCESS
CREATE ANY CUBE BUILD PROCESS
DROP ANY CUBE BUILD PROCESS
UPDATE ANY CUBE BUILD PROCESS
UPDATE ANY CUBE DIMENSION
ADMINISTER SQL MANAGEMENT OBJECT
ALTER PUBLIC DATABASE LINK
ALTER DATABASE LINK
CREATE SQL TRANSLATION PROFILE
CREATE ANY SQL TRANSLATION PROFILE
ALTER ANY SQL TRANSLATION PROFILE
USE ANY SQL TRANSLATION PROFILE
DROP ANY SQL TRANSLATION PROFILE
ADMINISTER KEY MANAGEMENT
KEEP DATE TIME
KEEP SYSGUID
EM EXPRESS CONNECT
PURGE DBA_RECYCLEBIN
FLASHBACK ARCHIVE ADMINISTER
EXEMPT REDACTION POLICY
INHERIT ANY PRIVILEGES
TRANSLATE ANY SQL
INHERIT ANY REMOTE PRIVILEGES
CREATE PLUGGABLE DATABASE
SET CONTAINER
CREATE LOCKDOWN PROFILE
DROP LOCKDOWN PROFILE
ALTER LOCKDOWN PROFILE
CREATE CREDENTIAL
CREATE ANY CREDENTIAL
LOGMINING
USE ANY JOB RESOURCE
EXEMPT DML REDACTION POLICY
EXEMPT DDL REDACTION POLICY
SELECT ANY MEASURE FOLDER
ALTER ANY MEASURE FOLDER
SELECT ANY CUBE BUILD PROCESS
ALTER ANY CUBE BUILD PROCESS
READ ANY TABLE
CREATE ATTRIBUTE DIMENSION
CREATE ANY ATTRIBUTE DIMENSION
ALTER ANY ATTRIBUTE DIMENSION
DROP ANY ATTRIBUTE DIMENSION
CREATE HIERARCHY
CREATE ANY HIERARCHY
ALTER ANY HIERARCHY
DROP ANY HIERARCHY
CREATE ANALYTIC VIEW
CREATE ANY ANALYTIC VIEW
ALTER ANY ANALYTIC VIEW
DROP ANY ANALYTIC VIEW

252 rows selected.

