[22-05-27 06:07:40]: INFO: Log File name: /u01/profiler/LOGS/run_axiomus_conn_4_execute_profiler_270522060740.log
[22-05-27 06:07:41]: INFO: Starting the script
[22-05-27 06:07:41]: INFO: Script Directory: /u01/profiler
[22-05-27 06:07:41]: INFO: Query Directory: /u01/profiler/tunning
[22-05-27 06:07:41]: INFO: Spinning Connection with axiomus@ORCLPDB1
[22-05-27 06:07:41]: ----------------------------------------------------
[22-05-27 06:07:41]:  DATABASE QUERY STARTS 
[22-05-27 06:07:41]: 

PL/SQL procedure successfully completed.


PL/SQL procedure successfully completed.


PL/SQL procedure successfully completed.


     RUNID RELATED_RUN RUN_OWNER															RUN_DATE
---------- ----------- -------------------------------------------------------------------------------------------------------------------------------- ---------
RUN_COMMENT
------------------------------------------------------------------------------------------------------------------------------------------------------------------------------------------------
RUN_TOTAL_TIME
--------------
RUN_SYSTEM_INFO
------------------------------------------------------------------------------------------------------------------------------------------------------------------------------------------------
RUN_COMMENT1
------------------------------------------------------------------------------------------------------------------------------------------------------------------------------------------------
SPARE1
------------------------------------------------------------------------------------------------------------------------------------------------------------------------------------------------
	 1	     0 AXIOMUS																27-MAY-22
MY_TEST_PERFORMANCE_RUN1
    7.4097E+10






     RUNID UNIT_NUMBER UNIT_TYPE
---------- ----------- --------------------------------------------------------------------------------------------------------------------------------
UNIT_OWNER
--------------------------------------------------------------------------------------------------------------------------------
UNIT_NAME															 UNIT_TIME TOTAL_TIME	  SPARE1     SPARE2
-------------------------------------------------------------------------------------------------------------------------------- --------- ---------- ---------- ----------
	 1	     1 ANONYMOUS BLOCK
<anonymous>
<anonymous>															 00-DECEMB	    0

	 1	     2 ANONYMOUS BLOCK
<anonymous>
<anonymous>															 00-DECEMB	    0

	 1	     3 ANONYMOUS BLOCK
<anonymous>
<anonymous>															 00-DECEMB	    0

	 1	     4 PROCEDURE
AXIOMUS
PROC_A																 27-MAY-22	    0

	 1	     5 PROCEDURE
AXIOMUS
PROC_B																 27-MAY-22	    0

	 1	     6 PROCEDURE
AXIOMUS
PROC_C																 27-MAY-22	    0

	 1	     7 ANONYMOUS BLOCK
<anonymous>
<anonymous>															 00-DECEMB	    0

	 1	     8 ANONYMOUS BLOCK
<anonymous>
<anonymous>															 00-DECEMB	    0


8 rows selected.


     RUNID UNIT_NUMBER	    LINE# TOTAL_OCCUR TOTAL_TIME   MIN_TIME   MAX_TIME	   SPARE1     SPARE2	 SPARE3     SPARE4
---------- ----------- ---------- ----------- ---------- ---------- ---------- ---------- ---------- ---------- ----------
	 1	     1		1	    1	   20999      20999	 20999
	 1	     2		1	    2	 4336964     271997    2660978
	 1	     3		1	    3	 1330989       5999    1305989
	 1	     4		1	    1	    9999       1999	  7999
	 1	     4		4	    0	       0	  0	     0
	 1	     4		8	   51	   22999	999	  1999
	 1	     4		9	   51	 3811968       1999    3600970
	 1	     4	       11	    1	    2999       2999	  2999
	 1	     5		1	    0	  191998       1999	 17999
	 1	     5		4	 2550	  899992	999	 31999
	 1	     5		5	 2501	10540914	999	562995
	 1	     5		6	 2500  348826161     104999    7684937
	 1	     5	       10	   50	  220998       1999	  8999
	 1	     6		1	 2500	10717912	999	 49999
	 1	     6		4      127500	66049462	999	110999
	 1	     6		5      125000 2.8176E+10     180998   59673514
	 1	     6		9	 2500	 9367923	999	156998
	 1	     7		1	    2	  636994      26999	347997
	 1	     8		1	    2	  295997       7999	276997

19 rows selected.

