[22-05-08 04:12:26]: INFO: Log File name: /u01/scripts/LOGS/execute_query_15_cust_package_080522041226.log
[22-05-08 04:12:26]: INFO: Starting the script
[22-05-08 04:12:26]: INFO: Script Directory: /u01/scripts
[22-05-08 04:12:26]: INFO: Query Directory: /u01/scripts/tutorialspoint
[22-05-08 04:12:26]: INFO: Spinning Connection with axiomus@ORCLPDB1
[22-05-08 04:12:26]: ----------------------------------------------------
[22-05-08 04:12:26]:  DATABASE QUERY STARTS 
[22-05-08 04:12:26]: 
----------------------------------------------------------------------

Package created.

No errors.

Package body created.

No errors.
-----------------------------------------------------
Ramesh from location : Ahmedabad of age 32 having Salry 3000
Khilan from location : Delhi of age 25 having Salry 2500
kaushik from location : Kota of age 23 having Salry 3000
Chaitali from location : Mumbai of age 25 having Salry 7500
Hardik from location : Bhopal of age 27 having Salry 9500
Komal from location : MP of age 22 having Salry 5500
-----------------------------------------------------

PL/SQL procedure successfully completed.


PL/SQL procedure successfully completed.


PL/SQL procedure successfully completed.


PL/SQL procedure successfully completed.


PL/SQL procedure successfully completed.


PL/SQL procedure successfully completed.


PL/SQL procedure successfully completed.

-----------------------------------------------------
Ramesh from location : Ahmedabad of age 32 having Salry 3000
Khilan from location : Delhi of age 25 having Salry 2500
kaushik from location : Kota of age 23 having Salry 3000
Chaitali from location : Mumbai of age 25 having Salry 7500
Hardik from location : Bhopal of age 27 having Salry 9500
Komal from location : MP of age 22 having Salry 5500
Raahool from location : Katol of age 34 having Salry 3608500
Aniket from location : Katol of age 32 having Salry 5000000
Sandeep from location : Katol of age 34 having Salry 788500
Vishal from location : Katol of age 34 having Salry 5668500
Pintu from location : Katol of age 34 having Salry 6758500
Ganesh from location : Katol of age 34 having Salry 8788500
-----------------------------------------------------

PL/SQL procedure successfully completed.

1 records deleted.

PL/SQL procedure successfully completed.

1 records deleted.

PL/SQL procedure successfully completed.

1 records deleted.

PL/SQL procedure successfully completed.

1 records deleted.

PL/SQL procedure successfully completed.

1 records deleted.

PL/SQL procedure successfully completed.

1 records deleted.

PL/SQL procedure successfully completed.

-----------------------------------------------------
Ramesh from location : Ahmedabad of age 32 having Salry 3000
Khilan from location : Delhi of age 25 having Salry 2500
kaushik from location : Kota of age 23 having Salry 3000
Chaitali from location : Mumbai of age 25 having Salry 7500
Hardik from location : Bhopal of age 27 having Salry 9500
Komal from location : MP of age 22 having Salry 5500
-----------------------------------------------------

PL/SQL procedure successfully completed.

