[22-07-02 17:21:49]: INFO: Log File name: /home/raahool.linux/database_tutorials/pratice_questions/LOGS_PRATICE_QUESTIONS/runOverDb_2_avg_sal_greater_than_dept_020722172149.log
[22-07-02 17:21:50]: INFO: Starting the script
[22-07-02 17:21:50]: INFO: Script Directory: /home/raahool.linux/database_tutorials
[22-07-02 17:21:50]: INFO: Query Directory: /home/raahool.linux/database_tutorials/pratice_questions
[22-07-02 17:21:50]: INFO: Spinning Connection with AXIOMUS@ORCLPDB1
[22-07-02 17:21:50]: ----------------------------------------------------
[22-07-02 17:21:50]:  DATABASE QUERY STARTS 
[22-07-02 17:21:50]: 
---------------------------------------------------
--   Department wise AVG salary 		 --
---------------------------------------------------

DEPARTMENT_ID AVG_SALARY
------------- ----------
	   30	   11896
		    9871
	   20	   16516
	   50	   75937
	   10	   22148

Elapsed: 00:00:00.20

EMPLOYEE_ID EMPLOYEE_N JOB	 MANAGER_ID HIREDATE	  SALARY COMMISSION DEPARTMENT_ID DEPARTMENT_ID AVG_SALARY
----------- ---------- --------- ---------- --------- ---------- ---------- ------------- ------------- ----------
       7902 FORD       ANALYST	       7566 03-DEC-81	22781.25		       20	     20      16516
       1000 STALIN     COMPUTER        8989 03-MAR-14	 75937.5	  0	       50	     50      75937
       7499 ALLEN      SALESMAN        7698 20-FEB-81	   12150	300	       30	     30      11896
       7839 KING       PRESIDENT	    17-NOV-81	37968.75		       10	     10      22148
       7566 JONES      MANAGER	       7839 02-APR-81	22591.43		       20	     20      16516
       7788 SCOTT      ANALYST	       7566 19-APR-87	22781.25		       20	     20      16516
       7698 BLAKE      MANAGER	       7839 01-MAY-81	 21642.2		       30	     30      11896

7 rows selected.

Elapsed: 00:00:00.19
---------------------------------------------------
--    COrrelated Query				 --
---------------------------------------------------

EMPLOYEE_ID EMPLOYEE_N JOB	 MANAGER_ID HIREDATE	  SALARY COMMISSION DEPARTMENT_ID
----------- ---------- --------- ---------- --------- ---------- ---------- -------------
       7839 KING       PRESIDENT	    17-NOV-81	37968.75		       10
       7566 JONES      MANAGER	       7839 02-APR-81	22591.43		       20
       7788 SCOTT      ANALYST	       7566 19-APR-87	22781.25		       20
       7902 FORD       ANALYST	       7566 03-DEC-81	22781.25		       20
       7499 ALLEN      SALESMAN        7698 20-FEB-81	   12150	300	       30
       7698 BLAKE      MANAGER	       7839 01-MAY-81	 21642.2		       30

6 rows selected.

Elapsed: 00:00:00.07
---------------------------------------------------
-- BEST WAY  -->  ANalaytical function		 --
---------------------------------------------------

EMPLOYEE_N JOB	     MANAGER_ID HIREDATE      SALARY COMMISSION DEPARTMENT_ID AVG_SALARY
---------- --------- ---------- --------- ---------- ---------- ------------- ----------
KING	   PRESIDENT		17-NOV-81   37968.75			   10 22148.4433
FORD	   ANALYST	   7566 03-DEC-81   22781.25			   20  16516.412
JONES	   MANAGER	   7839 02-APR-81   22591.43			   20  16516.412
SCOTT	   ANALYST	   7566 19-APR-87   22781.25			   20  16516.412
BLAKE	   MANAGER	   7839 01-MAY-81    21642.2			   30 11896.8833
ALLEN	   SALESMAN	   7698 20-FEB-81      12150	    300 	   30 11896.8833

6 rows selected.

Elapsed: 00:00:00.05
---------------------------------------------------
--	  WITH clause support to 12c		 --
---------------------------------------------------

EMPLOYEE_ID EMPLOYEE_N JOB	 MANAGER_ID HIREDATE	  SALARY DEPARTMENT_ID
----------- ---------- --------- ---------- --------- ---------- -------------
       7499 ALLEN      SALESMAN        7698 20-FEB-81	   12150	    30
       7566 JONES      MANAGER	       7839 02-APR-81	22591.43	    20
       7698 BLAKE      MANAGER	       7839 01-MAY-81	 21642.2	    30
       7788 SCOTT      ANALYST	       7566 19-APR-87	22781.25	    20
       7839 KING       PRESIDENT	    17-NOV-81	37968.75	    10
       7902 FORD       ANALYST	       7566 03-DEC-81	22781.25	    20

6 rows selected.

Elapsed: 00:00:00.33
