[22-07-02 17:25:40]: INFO: Log File name: /home/raahool.linux/database_tutorials/pratice_questions/LOGS_PRATICE_QUESTIONS/runOverDb_3_without_not_020722172540.log
[22-07-02 17:25:40]: INFO: Starting the script
[22-07-02 17:25:40]: INFO: Script Directory: /home/raahool.linux/database_tutorials
[22-07-02 17:25:40]: INFO: Query Directory: /home/raahool.linux/database_tutorials/pratice_questions
[22-07-02 17:25:40]: INFO: Spinning Connection with AXIOMUS@ORCLPDB1
[22-07-02 17:25:40]: ----------------------------------------------------
[22-07-02 17:25:40]:  DATABASE QUERY STARTS 
[22-07-02 17:25:40]: 
---------------------------------------------------
--    Straingh forward solution 		 --
---------------------------------------------------

CO
--
B
D

---------------------------------------------------
--    		with EXISTS keyword		--
---------------------------------------------------

CO
--
B
D

---------------------------------------------------
--	    MINUS Operator			 --
---------------------------------------------------

CO
--
B
D

---------------------------------------------------
--    Correlated Query				 --
---------------------------------------------------

CO
--
B
D

---------------------------------------------------
--    	LEFT Outer join 			--
---------------------------------------------------

CO CO
-- --
B
D

---------------------------------------------------
--    	FULL Outer join 			--
---------------------------------------------------

CO CO
-- --
B
D

---------------------------------------------------
--    	Correlated query			--
---------------------------------------------------

CO
--
B
D

