[22-05-15 06:54:23]: INFO: Log File name: /u01/docker/LOGS/admin_conn_switch-to-pdb_150522065423.log
[22-05-15 06:54:23]: INFO: Starting the script
[22-05-15 06:54:23]: INFO: Script Directory: /u01/docker
[22-05-15 06:54:23]: INFO: Query Directory: /u01/docker/oracle-base
[22-05-15 06:54:23]: INFO: Spinning Connection with axiomus@ORCLPDB1
[22-05-15 06:54:23]: ----------------------------------------------------
[22-05-15 06:54:23]:  DATABASE QUERY STARTS 
[22-05-15 06:54:23]: 

NAME			  PDB
------------------------- ------------------------------
ORCLCDB.localdomain	  CDB$ROOT
ORCLCDBXDB		  CDB$ROOT
SYS$BACKGROUND		  CDB$ROOT
SYS$USERS		  CDB$ROOT
orclpdb1.localdomain	  ORCLPDB1


CON_NAME
------------------------------
CDB$ROOT

Session altered.


CON_NAME
------------------------------
ORCLPDB1

User created.


Grant succeeded.

