[22-05-15 17:50:34]: INFO: Log File name: /u01/docker/LOGS/run_axiomus_conn_8_stored_package_150522175034.log
[22-05-15 17:50:34]: INFO: Starting the script
[22-05-15 17:50:34]: INFO: Script Directory: /u01/docker
[22-05-15 17:50:34]: INFO: Query Directory: /u01/docker/oracle-base
[22-05-15 17:50:34]: INFO: Spinning Connection with axiomus@ORCLPDB1
[22-05-15 17:50:34]: ----------------------------------------------------
[22-05-15 17:50:34]:  DATABASE QUERY STARTS 
[22-05-15 17:50:34]: 

Package created.


Package body created.

---------------------------------
2
3
4
5
6

PL/SQL procedure successfully completed.


PL/SQL procedure successfully completed.


  L_RESULT
----------
	 4

