[22-06-26 07:54:40]: INFO: Log File name: /u01/playground/goodParts/LOGS_GOODPARTS/run_axiomus_conn_invoice_pkg.pks_260622075440.log
[22-06-26 07:54:40]: INFO: Starting the script
[22-06-26 07:54:40]: INFO: Script Directory: /u01/playground
[22-06-26 07:54:40]: INFO: Query Directory: /u01/playground/goodParts
[22-06-26 07:54:40]: INFO: Spinning Connection with axiomus@ORCLPDB1
[22-06-26 07:54:40]: ----------------------------------------------------
[22-06-26 07:54:40]:  DATABASE QUERY STARTS 
[22-06-26 07:54:40]: 

Session altered.

Elapsed: 00:00:00.02
---------------------------------------------------
Assertion package	
---------------------------------------------------

Package created.

Elapsed: 00:00:00.02
No errors.

Package body created.

Elapsed: 00:00:00.01
No errors.
	p_amount 	NUMBER IS NULL;
	         	       *
ERROR at line 2:
ORA-06550: line 2, column 19:
PLS-00103: Encountered the symbol "IS" when expecting one of the following:
:= . ( @ % ; not null range default character
The symbol "IS" was ignored.


[22-06-26 07:54:41]: SQLERROR: Query error 150 in invoice_pkg.pks
