[22-06-26 07:55:46]: INFO: Log File name: /u01/playground/goodParts/LOGS_GOODPARTS/run_axiomus_conn_invoice_pkg.pks_260622075546.log
[22-06-26 07:55:46]: INFO: Starting the script
[22-06-26 07:55:46]: INFO: Script Directory: /u01/playground
[22-06-26 07:55:46]: INFO: Query Directory: /u01/playground/goodParts
[22-06-26 07:55:46]: INFO: Spinning Connection with axiomus@ORCLPDB1
[22-06-26 07:55:46]: ----------------------------------------------------
[22-06-26 07:55:46]:  DATABASE QUERY STARTS 
[22-06-26 07:55:46]: 

Session altered.

Elapsed: 00:00:00.03
---------------------------------------------------
Assertion package	
---------------------------------------------------

Package created.

Elapsed: 00:00:00.07
No errors.

Package body created.

Elapsed: 00:00:00.01
No errors.
DECLARE
*
ERROR at line 1:
ORA-20000: Invoice amount must be specified!
ORA-06512: at "AXIOMUS.ASSERT_PKG", line 7
ORA-06512: at line 4


[22-06-26 07:55:48]: SQLERROR: Query error 32 in invoice_pkg.pks
