[22-06-26 07:51:41]: INFO: Log File name: /u01/playground/goodParts/LOGS_GOODPARTS/run_axiomus_conn_invoice_pkg.pks_260622075141.log
[22-06-26 07:51:41]: INFO: Starting the script
[22-06-26 07:51:41]: INFO: Script Directory: /u01/playground
[22-06-26 07:51:41]: INFO: Query Directory: /u01/playground/goodParts
[22-06-26 07:51:41]: INFO: Spinning Connection with axiomus@ORCLPDB1
[22-06-26 07:51:41]: ----------------------------------------------------
[22-06-26 07:51:41]:  DATABASE QUERY STARTS 
[22-06-26 07:51:41]: 

Session altered.

Elapsed: 00:00:00.03
---------------------------------------------------
Assertion package	
---------------------------------------------------

Package created.

Elapsed: 00:00:00.09
No errors.

Warning: Package Body created with compilation errors.

Elapsed: 00:00:00.13
Errors for PACKAGE BODY ASSERT_PKG:

LINE/COL ERROR
-------- -----------------------------------------------------------------
2/9	 PLS-00103: Encountered the symbol "AUTHID" when expecting one of
	 the following:
	 is as compress compiled wrapped

