[22-06-26 07:52:13]: INFO: Log File name: /u01/playground/goodParts/LOGS_GOODPARTS/run_axiomus_conn_invoice_pkg.pks_260622075213.log
[22-06-26 07:52:13]: INFO: Starting the script
[22-06-26 07:52:13]: INFO: Script Directory: /u01/playground
[22-06-26 07:52:13]: INFO: Query Directory: /u01/playground/goodParts
[22-06-26 07:52:13]: INFO: Spinning Connection with axiomus@ORCLPDB1
[22-06-26 07:52:13]: ----------------------------------------------------
[22-06-26 07:52:13]:  DATABASE QUERY STARTS 
[22-06-26 07:52:13]: 

Session altered.

Elapsed: 00:00:00.04
---------------------------------------------------
Assertion package	
---------------------------------------------------

Package created.

Elapsed: 00:00:00.12
No errors.

Warning: Package Body created with compilation errors.

Elapsed: 00:00:00.18
Errors for PACKAGE BODY ASSERT_PKG:

LINE/COL ERROR
-------- -----------------------------------------------------------------
9/2	 PLS-00103: Encountered the symbol "END" when expecting one of the
	 following:
	 ;
	 The symbol ";" was substituted for "END" to continue.

