[22-06-26 08:19:51]: INFO: Log File name: /u01/playground/goodParts/LOGS_GOODPARTS/run_axiomus_conn_approve_invoice_260622081951.log
[22-06-26 08:19:51]: INFO: Starting the script
[22-06-26 08:19:51]: INFO: Script Directory: /u01/playground
[22-06-26 08:19:51]: INFO: Query Directory: /u01/playground/goodParts
[22-06-26 08:19:51]: INFO: Spinning Connection with axiomus@ORCLPDB1
[22-06-26 08:19:51]: ----------------------------------------------------
[22-06-26 08:19:51]:  DATABASE QUERY STARTS 
[22-06-26 08:19:51]: 

Session altered.

Elapsed: 00:00:00.02
---------------------------------------------------
testing of assert pacakge		
---------------------------------------------------
DECLARE
*
ERROR at line 1:
ORA-20000: Invoice not found!
ORA-06512: at "AXIOMUS.ASSERT_ERROR_PKG", line 17
ORA-06512: at line 14


[22-06-26 08:19:51]: SQLERROR: Query error 32 in approve_invoice.sql
