[22-05-30 17:48:03]: INFO: Log File name: /u01/profiler/devgym/LOGS_DEVGYM/run_axiomus_conn_3_plsql_n_sql_engine_300522174803.log
[22-05-30 17:48:03]: INFO: Starting the script
[22-05-30 17:48:03]: INFO: Script Directory: /u01/profiler
[22-05-30 17:48:03]: INFO: Query Directory: /u01/profiler/devgym
[22-05-30 17:48:03]: INFO: Spinning Connection with axiomus@ORCLPDB1
[22-05-30 17:48:03]: ----------------------------------------------------
[22-05-30 17:48:03]:  DATABASE QUERY STARTS 
[22-05-30 17:48:03]: 
---------------------------------------------------
--  PLSQ Function can not be resolve by SLQ engine  --
---------------------------------------------------
-- Both engine are tightly intergeated but.

Package created.

No errors.

Package body created.

No errors.
---------------------------------------------------
-- Execute package function with SQL query 	--
---------------------------------------------------

JUST_NUMBER
-----------
	  1

---------------------------------------------------
SQL engine dosent knwo the collection define inside the package hence it raise invalid datatye
we need to create teh collection type at schema level to handle this error
---------------------------------------------------
SELECT COLUMN_VALUE my_String FROM TABLE (tf.random_strings(5))
                                          *
ERROR at line 1:
ORA-00902: invalid datatype


[22-05-30 17:48:04]: SQLERROR: Query error 134 in 3_plsql_n_sql_engine.sql
