[22-06-02 15:14:18]: INFO: Log File name: /u01/profiler/advancePLSQL/ADMIN_LOGS/admin_conn_10_explain_plan_020622151418.log
[22-06-02 15:14:18]: INFO: Starting the script
[22-06-02 15:14:18]: INFO: Script Directory: /u01/profiler
[22-06-02 15:14:18]: INFO: Query Directory: /u01/profiler/advancePLSQL
[22-06-02 15:14:18]: INFO: Spinning Connection with axiomus@ORCLPDB1
[22-06-02 15:14:18]: ----------------------------------------------------
[22-06-02 15:14:18]:  DATABASE QUERY STARTS 
[22-06-02 15:14:18]: 
---------------------------------------------------
--     		Explain plan			--
---------------------------------------------------
FROM AXIOMUS.my_objects
             *
ERROR at line 5:
ORA-00942: table or view does not exist


Elapsed: 00:00:00.03

PLAN_TABLE_OUTPUT
------------------------------------------------------------------------------------------------------------------------------------------------------------------------------------------------
SQL_ID	9babjv8yq8ru3, child number 2

BEGIN DBMS_OUTPUT.GET_LINES(:LINES, :NUMLINES); END;

NOTE: cannot fetch plan for SQL_ID: 9babjv8yq8ru3, CHILD_NUMBER: 2
      Please verify value of SQL_ID and CHILD_NUMBER;
      It could also be that the plan is no longer in cursor cache (check v$sql_plan)


8 rows selected.

Elapsed: 00:00:00.08
