[22-06-02 16:10:48]: INFO: Log File name: /u01/advancePlsql/googleSearch/LOGS_GOOGLESEARCH/run_axiomus_conn_1_simple_query_020622161048.log
[22-06-02 16:10:48]: INFO: Starting the script
[22-06-02 16:10:48]: INFO: Script Directory: /u01/advancePlsql
[22-06-02 16:10:48]: INFO: Query Directory: /u01/advancePlsql/googleSearch
[22-06-02 16:10:48]: INFO: Spinning Connection with axiomus@ORCLPDB1
[22-06-02 16:10:48]: ----------------------------------------------------
[22-06-02 16:10:48]:  DATABASE QUERY STARTS 
[22-06-02 16:10:48]: 
---------------------------------------------------
--     Checking simple query on database		--
---------------------------------------------------

EMPLOYEE_ID EMPLOYEE_N JOB	 MANAGER_ID HIREDATE	  SALARY COMMISSION DEPARTMENT_ID DTE	    PADDING
----------- ---------- --------- ---------- --------- ---------- ---------- ------------- --------- ------------------------------
       7654 MARTIN     SALESMAN        7698 28-SEP-81	    1250       1400	       30 27-SEP-22 x


































       7698 BLAKE      MANAGER	       7839 01-MAY-81	    2850		       30 27-SEP-22 x


































       7782 CLARK      MANAGER	       7839 09-JUN-81	    2450		       10 27-SEP-22 x


































       7788 SCOTT      ANALYST	       7566 19-APR-87	    3000		       20 27-SEP-22 x




































Statistics
----------------------------------------------------------
	  0  recursive calls
	  4  db block gets
      23347  consistent gets
      23334  physical reads
	  0  redo size
       3427  bytes sent via SQL*Net to client
	608  bytes received via SQL*Net from client
	  2  SQL*Net roundtrips to/from client
	  0  sorts (memory)
	  0  sorts (disk)
	  4  rows processed

-------------------------------------------------------
above query is taking very big physical IO
-------------------------------------------------------

Index created.


EMPLOYEE_ID EMPLOYEE_N JOB	 MANAGER_ID HIREDATE	  SALARY COMMISSION DEPARTMENT_ID DTE	    PADDING
----------- ---------- --------- ---------- --------- ---------- ---------- ------------- --------- ------------------------------
       7654 MARTIN     SALESMAN        7698 28-SEP-81	    1250       1400	       30 27-SEP-22 x


































       7698 BLAKE      MANAGER	       7839 01-MAY-81	    2850		       30 27-SEP-22 x


































       7782 CLARK      MANAGER	       7839 09-JUN-81	    2450		       10 27-SEP-22 x


































       7788 SCOTT      ANALYST	       7566 19-APR-87	    3000		       20 27-SEP-22 x




































Statistics
----------------------------------------------------------
	  1  recursive calls
	  0  db block gets
	  5  consistent gets
	  2  physical reads
	  0  redo size
       5473  bytes sent via SQL*Net to client
	608  bytes received via SQL*Net from client
	  2  SQL*Net roundtrips to/from client
	  0  sorts (memory)
	  0  sorts (disk)
	  4  rows processed

