[22-07-22 07:33:08]: INFO: Log File name: /home/raahool.linux/codelocked/database_tutorials/dba/LOGS_DBA/6_database_220722073308.log
[22-07-22 07:33:08]: INFO: Starting the script
[22-07-22 07:33:08]: INFO: Script Directory: /home/raahool.linux/codelocked/database_tutorials
[22-07-22 07:33:08]: INFO: Query Directory: /home/raahool.linux/codelocked/database_tutorials/dba
[22-07-22 07:33:08]: INFO: Spinning Connection with SYS@ORA.world
[22-07-22 07:33:08]: +---------------------------------+
[22-07-22 07:33:08]: | database query execution begins |
[22-07-22 07:33:08]: +---------------------------------+

Session altered.

---------------------------------------------------
--		Check Database			--
---------------------------------------------------

DATABASE_NAME		  OPEN_MODE
------------------------- --------------------
ORCLPDB1.LOCALDOMAIN	  READ WRITE


TABLESPACE_NAME 	       FILE_NAME
------------------------------ ------------------------------------------------------------
UNDOTBS1		       /u02/app/oracle/oradata/ORCLCDB/orclpdb1/undotbs01.dbf
SYSAUX			       /u02/app/oracle/oradata/ORCLCDB/orclpdb1/sysaux01.dbf
SYSTEM			       /u02/app/oracle/oradata/ORCLCDB/orclpdb1/system01.dbf
USERS			       /u02/app/oracle/oradata/ORCLCDB/orclpdb1/users01.dbf
USERS			       /u02/app/oracle/oradata/ORCLCDB/orclpdb1/users02.dbf

---------------------------------------------------
--		Show parameters			--
---------------------------------------------------

NAME				     TYPE	 VALUE
------------------------------------ ----------- ------------------------------
db_name 			     string	 ORCLCDB

NAME				     TYPE	 VALUE
------------------------------------ ----------- ------------------------------
background_core_dump		     string	 partial
background_dump_dest		     string	 /u01/app/oracle/product/12.2.0
						 /dbhome_1/rdbms/log

NAME				     TYPE	 VALUE
------------------------------------ ----------- ------------------------------
DBFIPS_140			     boolean	 FALSE
allow_global_dblinks		     boolean	 FALSE
autotask_max_active_pdbs	     integer	 2
awr_pdb_autoflush_enabled	     boolean	 FALSE
cdb_cluster			     boolean	 FALSE
cdb_cluster_name		     string	 ORCLCDB
clonedb 			     boolean	 FALSE
clonedb_dir			     string
db_16k_cache_size		     big integer 16M
db_2k_cache_size		     big integer 0
db_32k_cache_size		     big integer 0
db_4k_cache_size		     big integer 0
db_8k_cache_size		     big integer 0
db_big_table_cache_percent_target    string	 0
db_block_buffers		     integer	 0
db_block_checking		     string	 FALSE
db_block_checksum		     string	 TYPICAL
db_block_size			     integer	 8192
db_cache_advice 		     string	 ON
db_cache_size			     big integer 0
db_create_file_dest		     string
db_create_online_log_dest_1	     string
db_create_online_log_dest_2	     string
db_create_online_log_dest_3	     string
db_create_online_log_dest_4	     string
db_create_online_log_dest_5	     string
db_domain			     string	 localdomain
db_file_multiblock_read_count	     integer	 101
db_file_name_convert		     string
db_files			     integer	 250
db_flash_cache_file		     string
db_flash_cache_size		     big integer 0
db_flashback_retention_target	     integer	 1440
db_index_compression_inheritance     string	 NONE
db_keep_cache_size		     big integer 0
db_lost_write_protect		     string	 NONE
db_name 			     string	 ORCLCDB
db_performance_profile		     string
db_recovery_file_dest		     string	 /u03/app/oracle/fast_recovery_
						 area
db_recovery_file_dest_size	     big integer 17814M
db_recycle_cache_size		     big integer 0
db_securefile			     string	 PREFERRED
db_ultra_safe			     string	 OFF
db_unique_name			     string	 ORCLCDB
db_unrecoverable_scn_tracking	     boolean	 TRUE
db_writer_processes		     integer	 1
dbwr_io_slaves			     integer	 0
disable_pdb_feature		     big integer 0
enable_automatic_maintenance_pdb     boolean	 TRUE
enabled_PDBs_on_standby 	     string	 *
max_datapump_jobs_per_pdb	     integer	 100
max_pdbs			     integer	 4098
noncdb_compatible		     boolean	 FALSE
one_step_plugin_for_pdb_with_tde     boolean	 FALSE
outbound_dblink_protocols	     string	 ALL
pdb_file_name_convert		     string
pdb_lockdown			     string
pdb_os_credential		     string
rdbms_server_dn 		     string
standby_archive_dest		     string	 ?#/dbs/arch
standby_db_preserve_states	     string	 NONE
standby_file_management 	     string	 MANUAL
target_pdbs			     integer	 2
xml_db_events			     string	 enable
---------------------------------------------------
--		Instance Status			--
---------------------------------------------------

STATUS
------------
OPEN


NAME
------------------------------------------------------------------------------------------------------------------------------------------------------------------------------------------------
/u02/app/oracle/oradata/ORCLCDB/orclpdb1/system01.dbf
/u02/app/oracle/oradata/ORCLCDB/orclpdb1/sysaux01.dbf
/u02/app/oracle/oradata/ORCLCDB/orclpdb1/undotbs01.dbf
/u02/app/oracle/oradata/ORCLCDB/orclpdb1/users01.dbf
/u02/app/oracle/oradata/ORCLCDB/orclpdb1/users02.dbf

[22-07-22 07:33:10]: +---------------------------------+
[22-07-22 07:33:10]: |     database query ends here    |
[22-07-22 07:33:10]: +---------------------------------+
