[22-07-22 10:45:02]: INFO: Log File name: /home/raahool.linux/codelocked/database_tutorials/dba/LOGS_DBA/7_asm_report_220722104502.log
[22-07-22 10:45:02]: INFO: Starting the script
[22-07-22 10:45:02]: INFO: Script Directory: /home/raahool.linux/codelocked/database_tutorials
[22-07-22 10:45:02]: INFO: Query Directory: /home/raahool.linux/codelocked/database_tutorials/dba
[22-07-22 10:45:02]: INFO: Spinning Connection with SYS@ORA.world
[22-07-22 10:45:02]: +---------------------------------+
[22-07-22 10:45:02]: | database query execution begins |
[22-07-22 10:45:02]: +---------------------------------+

Session altered.

---------------------------------------------------
-- 	Automatic Storage Management		--
---------------------------------------------------
-- integrated, high-performance database file system and disk manager.
-- ASM is based on the principle that the database should manage storage instead of requiring an administrator to do it.
---------------------------------------------------
===============
ASM Disk Groups
===============

no rows selected

================
ASM Disks In Use
================

no rows selected

========================
File Types in Diskgroups
========================

no rows selected

==============================================
Instances currently accessing these diskgroups
==============================================

no rows selected

==============================
Free ASM disks and their paths
==============================

no rows selected

===========================
Current ASM disk operations
===========================
truncating (as requested) before column CON_ID


no rows selected

[22-07-22 10:45:04]: +---------------------------------+
[22-07-22 10:45:04]: |     database query ends here    |
[22-07-22 10:45:04]: +---------------------------------+
