[22-06-29 17:31:00]: INFO: Log File name: /u01/playground/sixth_edition/LOGS_SIXTH_EDITION/run_axiomus_conn_61_pkg_initilization_290622173100.log
[22-06-29 17:31:00]: INFO: Starting the script
[22-06-29 17:31:00]: INFO: Script Directory: /u01/playground
[22-06-29 17:31:00]: INFO: Query Directory: /u01/playground/sixth_edition
[22-06-29 17:31:00]: INFO: Spinning Connection with axiomus@ORCLPDB1
[22-06-29 17:31:00]: ----------------------------------------------------
[22-06-29 17:31:00]:  DATABASE QUERY STARTS 
[22-06-29 17:31:00]: 

Session altered.

Elapsed: 00:00:00.03
---------------------------------------------------
Package Initilization in body		
---------------------------------------------------

Package body created.

Elapsed: 00:00:00.07
No errors.
	employees_pkg.show_employees;
	*
ERROR at line 2:
ORA-06550: line 2, column 2:
PLS-00306: wrong number or types of arguments in call to 'SHOW_EMPLOYEES'
ORA-06550: line 2, column 2:
PL/SQL: Statement ignored


[22-06-29 17:31:01]: SQLERROR: Query error 150 in 61_pkg_initilization.sql
