[22-06-12 07:25:06]: INFO: Log File name: /u01/playground/sixth_edition/LOGS_SIXTH_EDITION/run_axiomus_conn_26_records_120622072506.log
[22-06-12 07:25:06]: INFO: Starting the script
[22-06-12 07:25:06]: INFO: Script Directory: /u01/playground
[22-06-12 07:25:06]: INFO: Query Directory: /u01/playground/sixth_edition
[22-06-12 07:25:06]: INFO: Spinning Connection with axiomus@ORCLPDB1
[22-06-12 07:25:06]: ----------------------------------------------------
[22-06-12 07:25:06]:  DATABASE QUERY STARTS 
[22-06-12 07:25:06]: 

Session altered.

---------------------------------------------------
--     		RECORD				--
---------------------------------------------------
Oracle PL/SQL Programming

PL/SQL procedure successfully completed.

---------------------------------------------------
--     		OWN RECORD			--
---------------------------------------------------
Bill Pribyl with Steven Feuerstein - Learning Oracle PL/SQL

PL/SQL procedure successfully completed.

---------------------------------------------------
--     		Declaring RECORDs		--
---------------------------------------------------
o Table-Based Record
---> use %ROWTYPE with table to declare a record
---> one_book	books%ROWTYPE
---------------------------------------------------
o Cursor-based Record
---> use %ROWTYPE with explicit cursor or cursor variable
---> CURSOR my_book_cur IS SELECT * FROM books
---> one_sf_book my_book_cur%ROWTYPE
---------------------------------------------------
o Programmer-defined Record
---> Use TYPE..RECORD statement to define record
---> TYPE book_info_rt IS RECORD ( author books.author%TYPE,
------------------------------	category VARCHAR2(100),
------------------------------	total_pages_count POSITIVE)
---> steven_as_author book_info_rt
---------------------------------------------------
