[22-06-12 08:43:06]: INFO: Log File name: /u01/playground/sixth_edition/LOGS_SIXTH_EDITION/run_axiomus_conn_28_collections_120622084306.log
[22-06-12 08:43:06]: INFO: Starting the script
[22-06-12 08:43:06]: INFO: Script Directory: /u01/playground
[22-06-12 08:43:06]: INFO: Query Directory: /u01/playground/sixth_edition
[22-06-12 08:43:06]: INFO: Spinning Connection with axiomus@ORCLPDB1
[22-06-12 08:43:06]: ----------------------------------------------------
[22-06-12 08:43:06]:  DATABASE QUERY STARTS 
[22-06-12 08:43:06]: 

Session altered.

---------------------------------------------------
--     		COLLECTIONs			--
---------------------------------------------------
o Associative Array :- Single-Dimensional, Sparse, Unbounded collecition of homogenous elements
---------------------------------------------------
Father
Nikki
Mother
Raahool

PL/SQL procedure successfully completed.

---------------------------------------------------
o Nested table :- Single-Dimensional, Unbounded collecition of homogenous elements
---------------------------------------------------

Type created.

Steven
Veva

PL/SQL procedure successfully completed.

---------------------------------------------------
o VARRAYs :- Single-Dimensional, bounded collecition of homogenous elements
---------------------------------------------------

Type created.


Type created.


Table created.


PL/SQL procedure successfully completed.


SURNAME
------------------------------------------------------------------------------------------------------------------------------------------------------------------------------------------------
PARENT_NAMES
------------------------------------------------------------------------------------------------------------------------------------------------------------------------------------------------
CHILDREN_NAMES
------------------------------------------------------------------------------------------------------------------------------------------------------------------------------------------------
Assurty
FIRST_NAMES_T('Samuel', 'Charina')
CHILD_NAMES_T('Feather')



SURNAME
------------------------------------------------------------------------------------------------------------------------------------------------------------------------------------------------
PARENT_NAMES
------------------------------------------------------------------------------------------------------------------------------------------------------------------------------------------------
CHILDREN_NAMES
------------------------------------------------------------------------------------------------------------------------------------------------------------------------------------------------
Assurty
FIRST_NAMES_T('Samuel', 'Charina')
CHILD_NAMES_T('Feather')


