[22-06-15 17:15:21]: INFO: Log File name: /u01/playground/sixth_edition/LOGS_SIXTH_EDITION/run_axiomus_conn_47_NDS_statements_150622171521.log
[22-06-15 17:15:21]: INFO: Starting the script
[22-06-15 17:15:21]: INFO: Script Directory: /u01/playground
[22-06-15 17:15:21]: INFO: Query Directory: /u01/playground/sixth_edition
[22-06-15 17:15:21]: INFO: Spinning Connection with axiomus@ORCLPDB1
[22-06-15 17:15:21]: ----------------------------------------------------
[22-06-15 17:15:21]:  DATABASE QUERY STARTS 
[22-06-15 17:15:21]: 

Session altered.

Elapsed: 00:00:00.03
---------------------------------------------------
--     		NDS Statements			--
---------------------------------------------------
-- The EXECUTE IMMEDIATE Statement	----------

Package created.

Elapsed: 00:00:00.06
No errors.

Package body created.

Elapsed: 00:00:00.03
No errors.
----- UNIT TEST package ----

PL/SQL procedure successfully completed.

Elapsed: 00:00:00.28

PL/SQL procedure successfully completed.

Elapsed: 00:00:00.07
	dynamic_sql.updNVal('employee_id','22-JAN-82','23-JAN-83');
	*
ERROR at line 2:
ORA-06550: line 2, column 2:
PLS-00306: wrong number or types of arguments in call to 'UPDNVAL'
ORA-06550: line 2, column 2:
PL/SQL: Statement ignored


[22-06-15 17:15:22]: SQLERROR: Query error 150 in 47_NDS_statements.sql
