[22-06-10 03:46:28]: INFO: Log File name: /u01/advancePlsql/utube/LOGS_UTUBE/run_axiomus_conn_min_max_functions_100622034628.log
[22-06-10 03:46:29]: INFO: Starting the script
[22-06-10 03:46:29]: INFO: Script Directory: /u01/advancePlsql
[22-06-10 03:46:29]: INFO: Query Directory: /u01/advancePlsql/utube
[22-06-10 03:46:29]: INFO: Spinning Connection with axiomus@ORCLPDB1
[22-06-10 03:46:29]: ----------------------------------------------------
[22-06-10 03:46:29]:  DATABASE QUERY STARTS 
[22-06-10 03:46:29]: 
---------------------------------------------------
--     		MIN MAX Functions		--
---------------------------------------------------

MIN(SALARY) MAX(SALARY)
----------- -----------
	800	  10000


DEPARTMENT_ID MAX(SALARY)
------------- -----------
	   30	     2850
		     1300
	   20	     3000
	   50	    10000
	   10	     5000

