[22-06-10 07:16:20]: INFO: Log File name: /u01/advancePlsql/utube/LOGS_UTUBE/run_axiomus_conn_joins_100622071620.log
[22-06-10 07:16:20]: INFO: Starting the script
[22-06-10 07:16:20]: INFO: Script Directory: /u01/advancePlsql
[22-06-10 07:16:20]: INFO: Query Directory: /u01/advancePlsql/utube
[22-06-10 07:16:20]: INFO: Spinning Connection with axiomus@ORCLPDB1
[22-06-10 07:16:20]: ----------------------------------------------------
[22-06-10 07:16:20]:  DATABASE QUERY STARTS 
[22-06-10 07:16:20]: 
---------------------------------------------------
--     		JOINS				--
---------------------------------------------------
-- Why we use joins?
--> Initially we used to stores data in flat files or in a single table
---> With this data keep on repeating and redundency increses and it didnt had that much efficency
---> We brought a concept of NORMALIZATION to handle the data redendency
---> with this we are able to divide big tables into small-small tables
---> To club all the small tables we use Joins
---------------------------------------------------
--		TYPE of JOINS			--
---------------------------------------------------
-- INNER JOIN
-- OUTER JOIN
---------> LEFT OUTER JOIN
---------> RIGHT OUTER JOIN
---------> FULL OUTER JOIN
-- CROSS JOIN
---------------------------------------------------
-- 	INNER JOIN -- Gives similar data	--
---------------------------------------------------

EMPLOYEE_ID EMPLOYEE_N JOB	 MANAGER_ID HIREDATE	  SALARY COMMISSION DEPARTMENT_ID DEPARTMENT_ID DEPARTMENT_NAM LOCATION
----------- ---------- --------- ---------- --------- ---------- ---------- ------------- ------------- -------------- -------------
       7369 SMITH      CLERK	       7902 17-DEC-80	     800		       20	     20 RESEARCH       DALLAS
       7499 ALLEN      SALESMAN        7698 20-FEB-81	    1600	300	       30	     30 SALES	       CHICAGO
       7521 WARD       SALESMAN        7698 22-FEB-81	    1250	500	       30	     30 SALES	       CHICAGO
       7566 JONES      MANAGER	       7839 02-APR-81	    2975		       20	     20 RESEARCH       DALLAS
       7654 MARTIN     SALESMAN        7698 28-SEP-81	    1250       1400	       30	     30 SALES	       CHICAGO
       7698 BLAKE      MANAGER	       7839 01-MAY-81	    2850		       30	     30 SALES	       CHICAGO
       7782 CLARK      MANAGER	       7839 09-JUN-81	    2450		       10	     10 ACCOUNTING     NEW YORK
       7788 SCOTT      ANALYST	       7566 19-APR-87	    3000		       20	     20 RESEARCH       DALLAS
       7839 KING       PRESIDENT	    17-NOV-81	    5000		       10	     10 ACCOUNTING     NEW YORK
       7844 TURNER     SALESMAN        7698 08-SEP-81	    1500	  0	       30	     30 SALES	       CHICAGO
       7876 ADAMS      CLERK	       7788 23-MAY-87	    1100		       20	     20 RESEARCH       DALLAS
       7900 JAMES      CLERK	       7698 03-DEC-81	     950		       30	     30 SALES	       CHICAGO
       7902 FORD       ANALYST	       7566 03-DEC-81	    3000		       20	     20 RESEARCH       DALLAS
       7934 MILLER     CLERK	       7782 23-JAN-82	    1300		       10	     10 ACCOUNTING     NEW YORK
       1000 STALIN     COMPUTER        8989 03-MAR-14	   10000	  0	       50	     50 Advertising    Mumbai

15 rows selected.

---------------------------------------------------
-- LEFT OUTER JOIN -- all the match columns from left table and rows doesnt match with right table from left table is getting display --
---------------------------------------------------

EMPLOYEE_ID EMPLOYEE_N JOB	 MANAGER_ID HIREDATE	  SALARY COMMISSION DEPARTMENT_ID DEPARTMENT_ID DEPARTMENT_NAM LOCATION
----------- ---------- --------- ---------- --------- ---------- ---------- ------------- ------------- -------------- -------------
       7782 CLARK      MANAGER	       7839 09-JUN-81	    2450		       10	     10 ACCOUNTING     NEW YORK
       7839 KING       PRESIDENT	    17-NOV-81	    5000		       10	     10 ACCOUNTING     NEW YORK
       7934 MILLER     CLERK	       7782 23-JAN-82	    1300		       10	     10 ACCOUNTING     NEW YORK
       7369 SMITH      CLERK	       7902 17-DEC-80	     800		       20	     20 RESEARCH       DALLAS
       7566 JONES      MANAGER	       7839 02-APR-81	    2975		       20	     20 RESEARCH       DALLAS
       7788 SCOTT      ANALYST	       7566 19-APR-87	    3000		       20	     20 RESEARCH       DALLAS
       7876 ADAMS      CLERK	       7788 23-MAY-87	    1100		       20	     20 RESEARCH       DALLAS
       7902 FORD       ANALYST	       7566 03-DEC-81	    3000		       20	     20 RESEARCH       DALLAS
       7499 ALLEN      SALESMAN        7698 20-FEB-81	    1600	300	       30	     30 SALES	       CHICAGO
       7521 WARD       SALESMAN        7698 22-FEB-81	    1250	500	       30	     30 SALES	       CHICAGO
       7654 MARTIN     SALESMAN        7698 28-SEP-81	    1250       1400	       30	     30 SALES	       CHICAGO
       7698 BLAKE      MANAGER	       7839 01-MAY-81	    2850		       30	     30 SALES	       CHICAGO
       7844 TURNER     SALESMAN        7698 08-SEP-81	    1500	  0	       30	     30 SALES	       CHICAGO
       7900 JAMES      CLERK	       7698 03-DEC-81	     950		       30	     30 SALES	       CHICAGO
       1000 STALIN     COMPUTER        8989 03-MAR-14	   10000	  0	       50	     50 Advertising    Mumbai
       8888 JONES      DBA		    02-JAN-82	    1300

16 rows selected.

---------------------------------------------------
-- RIGHT OUTER JOIN -- all the match columns from right table and rows doesnt match with left table from right table is getting display --
---------------------------------------------------

EMPLOYEE_ID EMPLOYEE_N JOB	 MANAGER_ID HIREDATE	  SALARY COMMISSION DEPARTMENT_ID DEPARTMENT_ID DEPARTMENT_NAM LOCATION
----------- ---------- --------- ---------- --------- ---------- ---------- ------------- ------------- -------------- -------------
       7369 SMITH      CLERK	       7902 17-DEC-80	     800		       20	     20 RESEARCH       DALLAS
       7499 ALLEN      SALESMAN        7698 20-FEB-81	    1600	300	       30	     30 SALES	       CHICAGO
       7521 WARD       SALESMAN        7698 22-FEB-81	    1250	500	       30	     30 SALES	       CHICAGO
       7566 JONES      MANAGER	       7839 02-APR-81	    2975		       20	     20 RESEARCH       DALLAS
       7654 MARTIN     SALESMAN        7698 28-SEP-81	    1250       1400	       30	     30 SALES	       CHICAGO
       7698 BLAKE      MANAGER	       7839 01-MAY-81	    2850		       30	     30 SALES	       CHICAGO
       7782 CLARK      MANAGER	       7839 09-JUN-81	    2450		       10	     10 ACCOUNTING     NEW YORK
       7788 SCOTT      ANALYST	       7566 19-APR-87	    3000		       20	     20 RESEARCH       DALLAS
       7839 KING       PRESIDENT	    17-NOV-81	    5000		       10	     10 ACCOUNTING     NEW YORK
       7844 TURNER     SALESMAN        7698 08-SEP-81	    1500	  0	       30	     30 SALES	       CHICAGO
       7876 ADAMS      CLERK	       7788 23-MAY-87	    1100		       20	     20 RESEARCH       DALLAS
       7900 JAMES      CLERK	       7698 03-DEC-81	     950		       30	     30 SALES	       CHICAGO
       7902 FORD       ANALYST	       7566 03-DEC-81	    3000		       20	     20 RESEARCH       DALLAS
       7934 MILLER     CLERK	       7782 23-JAN-82	    1300		       10	     10 ACCOUNTING     NEW YORK
       1000 STALIN     COMPUTER        8989 03-MAR-14	   10000	  0	       50	     50 Advertising    Mumbai
												     60 HR	       Pune
												     40 OPERATIONS     BOSTON

17 rows selected.

---------------------------------------------------
-- FULL OUTER JOIN -- all the match rows and unmatch rows form left and rigth tables are getting display
---------------------------------------------------

EMPLOYEE_ID EMPLOYEE_N JOB	 MANAGER_ID HIREDATE	  SALARY COMMISSION DEPARTMENT_ID DEPARTMENT_ID DEPARTMENT_NAM LOCATION
----------- ---------- --------- ---------- --------- ---------- ---------- ------------- ------------- -------------- -------------
       7369 SMITH      CLERK	       7902 17-DEC-80	     800		       20	     20 RESEARCH       DALLAS
       7499 ALLEN      SALESMAN        7698 20-FEB-81	    1600	300	       30	     30 SALES	       CHICAGO
       7521 WARD       SALESMAN        7698 22-FEB-81	    1250	500	       30	     30 SALES	       CHICAGO
       7566 JONES      MANAGER	       7839 02-APR-81	    2975		       20	     20 RESEARCH       DALLAS
       7654 MARTIN     SALESMAN        7698 28-SEP-81	    1250       1400	       30	     30 SALES	       CHICAGO
       7698 BLAKE      MANAGER	       7839 01-MAY-81	    2850		       30	     30 SALES	       CHICAGO
       7782 CLARK      MANAGER	       7839 09-JUN-81	    2450		       10	     10 ACCOUNTING     NEW YORK
       7788 SCOTT      ANALYST	       7566 19-APR-87	    3000		       20	     20 RESEARCH       DALLAS
       7839 KING       PRESIDENT	    17-NOV-81	    5000		       10	     10 ACCOUNTING     NEW YORK
       7844 TURNER     SALESMAN        7698 08-SEP-81	    1500	  0	       30	     30 SALES	       CHICAGO
       7876 ADAMS      CLERK	       7788 23-MAY-87	    1100		       20	     20 RESEARCH       DALLAS
       7900 JAMES      CLERK	       7698 03-DEC-81	     950		       30	     30 SALES	       CHICAGO
       7902 FORD       ANALYST	       7566 03-DEC-81	    3000		       20	     20 RESEARCH       DALLAS
       7934 MILLER     CLERK	       7782 23-JAN-82	    1300		       10	     10 ACCOUNTING     NEW YORK
       1000 STALIN     COMPUTER        8989 03-MAR-14	   10000	  0	       50	     50 Advertising    Mumbai
       8888 JONES      DBA		    02-JAN-82	    1300
												     60 HR	       Pune
												     40 OPERATIONS     BOSTON

18 rows selected.

